


If you read this then NanoPlot 1.44.1 has crashed :-(
Please try updating NanoPlot and see if that helps...

If not, please report this issue at https://github.com/wdecoster/NanoPlot/issues
If you could include the log file that would be really helpful.
Thanks!



concurrent.futures.process._RemoteTraceback: 
"""
Traceback (most recent call last):
  File "/home/bing/mambaforge/envs/nanopore_metagenome_core/lib/python3.11/concurrent/futures/process.py", line 261, in _process_worker
    r = call_item.fn(*call_item.args, **call_item.kwargs)
        ^^^^^^^^^^^^^^^^^^^^^^^^^^^^^^^^^^^^^^^^^^^^^^^^^
  File "/home/bing/mambaforge/envs/nanopore_metagenome_core/lib/python3.11/concurrent/futures/process.py", line 210, in _process_chunk
    return [fn(*args) for args in chunk]
           ^^^^^^^^^^^^^^^^^^^^^^^^^^^^^
  File "/home/bing/mambaforge/envs/nanopore_metagenome_core/lib/python3.11/concurrent/futures/process.py", line 210, in <listcomp>
    return [fn(*args) for args in chunk]
            ^^^^^^^^^
  File "/home/bing/mambaforge/envs/nanopore_metagenome_core/lib/python3.11/site-packages/nanoget/extraction_functions.py", line 392, in process_fastq_plain
    data=[res for res in extract_from_fastq(inputfastq) if res],
         ^^^^^^^^^^^^^^^^^^^^^^^^^^^^^^^^^^^^^^^^^^^^^^^^^^^^^^
  File "/home/bing/mambaforge/envs/nanopore_metagenome_core/lib/python3.11/site-packages/nanoget/extraction_functions.py", line 392, in <listcomp>
    data=[res for res in extract_from_fastq(inputfastq) if res],
         ^^^^^^^^^^^^^^^^^^^^^^^^^^^^^^^^^^^^^^^^^^^^^^^^^^^^^^
  File "/home/bing/mambaforge/envs/nanopore_metagenome_core/lib/python3.11/site-packages/nanoget/extraction_functions.py", line 403, in extract_from_fastq
    for rec in SeqIO.parse(fq, "fastq"):
  File "/home/bing/mambaforge/envs/nanopore_metagenome_core/lib/python3.11/site-packages/Bio/SeqIO/QualityIO.py", line 1072, in __next__
    for line in self.stream:
  File "/home/bing/mambaforge/envs/nanopore_metagenome_core/lib/python3.11/gzip.py", line 314, in read1
    return self._buffer.read1(size)
           ^^^^^^^^^^^^^^^^^^^^^^^^
  File "/home/bing/mambaforge/envs/nanopore_metagenome_core/lib/python3.11/_compression.py", line 68, in readinto
    data = self.read(len(byte_view))
           ^^^^^^^^^^^^^^^^^^^^^^^^^
  File "/home/bing/mambaforge/envs/nanopore_metagenome_core/lib/python3.11/gzip.py", line 518, in read
    raise EOFError("Compressed file ended before the "
EOFError: Compressed file ended before the end-of-stream marker was reached
"""

The above exception was the direct cause of the following exception:

Traceback (most recent call last):
  File "/home/bing/mambaforge/envs/nanopore_metagenome_core/bin/NanoPlot", line 10, in <module>
    sys.exit(main())
             ^^^^^^
  File "/home/bing/mambaforge/envs/nanopore_metagenome_core/lib/python3.11/site-packages/nanoplot/NanoPlot.py", line 62, in main
    datadf = get_input(
             ^^^^^^^^^^
  File "/home/bing/mambaforge/envs/nanopore_metagenome_core/lib/python3.11/site-packages/nanoget/nanoget.py", line 110, in get_input
    dfs=[out for out in executor.map(extraction_function, files)],
        ^^^^^^^^^^^^^^^^^^^^^^^^^^^^^^^^^^^^^^^^^^^^^^^^^^^^^^^^^
  File "/home/bing/mambaforge/envs/nanopore_metagenome_core/lib/python3.11/site-packages/nanoget/nanoget.py", line 110, in <listcomp>
    dfs=[out for out in executor.map(extraction_function, files)],
        ^^^^^^^^^^^^^^^^^^^^^^^^^^^^^^^^^^^^^^^^^^^^^^^^^^^^^^^^^
  File "/home/bing/mambaforge/envs/nanopore_metagenome_core/lib/python3.11/concurrent/futures/process.py", line 620, in _chain_from_iterable_of_lists
    for element in iterable:
  File "/home/bing/mambaforge/envs/nanopore_metagenome_core/lib/python3.11/concurrent/futures/_base.py", line 619, in result_iterator
    yield _result_or_cancel(fs.pop())
          ^^^^^^^^^^^^^^^^^^^^^^^^^^^
  File "/home/bing/mambaforge/envs/nanopore_metagenome_core/lib/python3.11/concurrent/futures/_base.py", line 317, in _result_or_cancel
    return fut.result(timeout)
           ^^^^^^^^^^^^^^^^^^^
  File "/home/bing/mambaforge/envs/nanopore_metagenome_core/lib/python3.11/concurrent/futures/_base.py", line 456, in result
    return self.__get_result()
           ^^^^^^^^^^^^^^^^^^^
  File "/home/bing/mambaforge/envs/nanopore_metagenome_core/lib/python3.11/concurrent/futures/_base.py", line 401, in __get_result
    raise self._exception
EOFError: Compressed file ended before the end-of-stream marker was reached
