2026-07-16 16:24:52,545 | INFO | === SRR29981015 ===
2026-07-16 16:24:52,545 | INFO | --- qc ---
2026-07-17 12:20:42,415 | INFO | === SRR29981005 ===
2026-07-17 12:20:42,415 | INFO | --- qc ---
2026-07-17 12:25:24,773 | INFO | === SRR29981005 ===
2026-07-17 12:25:24,773 | INFO | --- qc ---
2026-07-17 12:28:12,120 | INFO | === SRR29981005 ===
2026-07-17 12:28:12,121 | INFO | --- qc ---
2026-07-17 12:28:12,126 | INFO | Command: set -euo pipefail mkdir -p /nas/users/bing/Projects/nanopore_longread_metagenome_pipeline_v1.0/Result/qc/SRR29981005/nanoplot NanoPlot --fastq ../PRJNA1139951_gut_nanopore/Study/fastq/corn_soy_blend_control/526/SRR29981005_1.fastq.gz --threads 8 --outdir /nas/users/bing/Projects/nanopore_longread_metagenome_pipeline_v1.0/Result/qc/SRR29981005/nanoplot touch /nas/users/bing/Projects/nanopore_longread_metagenome_pipeline_v1.0/Result/qc/SRR29981005/nanoplot.done gzip -cd ../PRJNA1139951_gut_nanopore/Study/fastq/corn_soy_blend_control/526/SRR29981005_1.fastq.gz | chopper --minlength 1000 --quality 10.0 | gzip -c > /nas/users/bing/Projects/nanopore_longread_metagenome_pipeline_v1.0/Result/qc/SRR29981005/filtered.fastq.gz seqkit stats -T ../PRJNA1139951_gut_nanopore/Study/fastq/corn_soy_blend_control/526/SRR29981005_1.fastq.gz /nas/users/bing/Projects/nanopore_longread_metagenome_pipeline_v1.0/Result/qc/SRR29981005/filtered.fastq.gz > /nas/users/bing/Projects/nanopore_longread_metagenome_pipeline_v1.0/Result/qc/SRR29981005/seqkit_stats.tsv
2026-07-17 12:28:12,126 | INFO | --- host_removal ---
2026-07-17 12:28:40,497 | INFO | === SRR29981005 ===
2026-07-17 12:28:40,497 | INFO | --- qc ---
2026-07-17 12:28:40,500 | INFO | Command: set -euo pipefail mkdir -p /nas/users/bing/Projects/nanopore_longread_metagenome_pipeline_v1.0/Result/qc/SRR29981005/nanoplot NanoPlot --fastq ../PRJNA1139951_gut_nanopore/Study/fastq/corn_soy_blend_control/526/SRR29981005_1.fastq.gz --threads 8 --outdir /nas/users/bing/Projects/nanopore_longread_metagenome_pipeline_v1.0/Result/qc/SRR29981005/nanoplot touch /nas/users/bing/Projects/nanopore_longread_metagenome_pipeline_v1.0/Result/qc/SRR29981005/nanoplot.done gzip -cd ../PRJNA1139951_gut_nanopore/Study/fastq/corn_soy_blend_control/526/SRR29981005_1.fastq.gz | chopper --minlength 1000 --quality 10.0 | gzip -c > /nas/users/bing/Projects/nanopore_longread_metagenome_pipeline_v1.0/Result/qc/SRR29981005/filtered.fastq.gz seqkit stats -T ../PRJNA1139951_gut_nanopore/Study/fastq/corn_soy_blend_control/526/SRR29981005_1.fastq.gz /nas/users/bing/Projects/nanopore_longread_metagenome_pipeline_v1.0/Result/qc/SRR29981005/filtered.fastq.gz > /nas/users/bing/Projects/nanopore_longread_metagenome_pipeline_v1.0/Result/qc/SRR29981005/seqkit_stats.tsv
2026-07-17 12:28:40,500 | INFO | === SRR29980983 ===
2026-07-17 12:28:40,500 | INFO | --- qc ---
2026-07-17 12:28:40,503 | INFO | Command: set -euo pipefail mkdir -p /nas/users/bing/Projects/nanopore_longread_metagenome_pipeline_v1.0/Result/qc/SRR29980983/nanoplot NanoPlot --fastq ../PRJNA1139951_gut_nanopore/Study/fastq/corn_soy_blend_control/526/SRR29980983_1.fastq.gz --threads 8 --outdir /nas/users/bing/Projects/nanopore_longread_metagenome_pipeline_v1.0/Result/qc/SRR29980983/nanoplot touch /nas/users/bing/Projects/nanopore_longread_metagenome_pipeline_v1.0/Result/qc/SRR29980983/nanoplot.done gzip -cd ../PRJNA1139951_gut_nanopore/Study/fastq/corn_soy_blend_control/526/SRR29980983_1.fastq.gz | chopper --minlength 1000 --quality 10.0 | gzip -c > /nas/users/bing/Projects/nanopore_longread_metagenome_pipeline_v1.0/Result/qc/SRR29980983/filtered.fastq.gz seqkit stats -T ../PRJNA1139951_gut_nanopore/Study/fastq/corn_soy_blend_control/526/SRR29980983_1.fastq.gz /nas/users/bing/Projects/nanopore_longread_metagenome_pipeline_v1.0/Result/qc/SRR29980983/filtered.fastq.gz > /nas/users/bing/Projects/nanopore_longread_metagenome_pipeline_v1.0/Result/qc/SRR29980983/seqkit_stats.tsv
2026-07-17 12:28:40,503 | INFO | === SRR29981050 ===
2026-07-17 12:28:40,504 | INFO | --- qc ---
2026-07-17 12:28:40,507 | INFO | Command: set -euo pipefail mkdir -p /nas/users/bing/Projects/nanopore_longread_metagenome_pipeline_v1.0/Result/qc/SRR29981050/nanoplot NanoPlot --fastq ../PRJNA1139951_gut_nanopore/Study/fastq/common_bean/549/SRR29981050_1.fastq.gz --threads 8 --outdir /nas/users/bing/Projects/nanopore_longread_metagenome_pipeline_v1.0/Result/qc/SRR29981050/nanoplot touch /nas/users/bing/Projects/nanopore_longread_metagenome_pipeline_v1.0/Result/qc/SRR29981050/nanoplot.done gzip -cd ../PRJNA1139951_gut_nanopore/Study/fastq/common_bean/549/SRR29981050_1.fastq.gz | chopper --minlength 1000 --quality 10.0 | gzip -c > /nas/users/bing/Projects/nanopore_longread_metagenome_pipeline_v1.0/Result/qc/SRR29981050/filtered.fastq.gz seqkit stats -T ../PRJNA1139951_gut_nanopore/Study/fastq/common_bean/549/SRR29981050_1.fastq.gz /nas/users/bing/Projects/nanopore_longread_metagenome_pipeline_v1.0/Result/qc/SRR29981050/filtered.fastq.gz > /nas/users/bing/Projects/nanopore_longread_metagenome_pipeline_v1.0/Result/qc/SRR29981050/seqkit_stats.tsv
2026-07-17 12:28:40,507 | INFO | === SRR29981037 ===
2026-07-17 12:28:40,507 | INFO | --- qc ---
2026-07-17 12:28:40,510 | INFO | Command: set -euo pipefail mkdir -p /nas/users/bing/Projects/nanopore_longread_metagenome_pipeline_v1.0/Result/qc/SRR29981037/nanoplot NanoPlot --fastq ../PRJNA1139951_gut_nanopore/Study/fastq/common_bean/549/SRR29981037_1.fastq.gz --threads 8 --outdir /nas/users/bing/Projects/nanopore_longread_metagenome_pipeline_v1.0/Result/qc/SRR29981037/nanoplot touch /nas/users/bing/Projects/nanopore_longread_metagenome_pipeline_v1.0/Result/qc/SRR29981037/nanoplot.done gzip -cd ../PRJNA1139951_gut_nanopore/Study/fastq/common_bean/549/SRR29981037_1.fastq.gz | chopper --minlength 1000 --quality 10.0 | gzip -c > /nas/users/bing/Projects/nanopore_longread_metagenome_pipeline_v1.0/Result/qc/SRR29981037/filtered.fastq.gz seqkit stats -T ../PRJNA1139951_gut_nanopore/Study/fastq/common_bean/549/SRR29981037_1.fastq.gz /nas/users/bing/Projects/nanopore_longread_metagenome_pipeline_v1.0/Result/qc/SRR29981037/filtered.fastq.gz > /nas/users/bing/Projects/nanopore_longread_metagenome_pipeline_v1.0/Result/qc/SRR29981037/seqkit_stats.tsv
2026-07-17 12:28:40,510 | INFO | === SRR29981026 ===
2026-07-17 12:28:40,510 | INFO | --- qc ---
2026-07-17 12:28:40,512 | INFO | Command: set -euo pipefail mkdir -p /nas/users/bing/Projects/nanopore_longread_metagenome_pipeline_v1.0/Result/qc/SRR29981026/nanoplot NanoPlot --fastq ../PRJNA1139951_gut_nanopore/Study/fastq/common_bean/549/SRR29981026_1.fastq.gz --threads 8 --outdir /nas/users/bing/Projects/nanopore_longread_metagenome_pipeline_v1.0/Result/qc/SRR29981026/nanoplot touch /nas/users/bing/Projects/nanopore_longread_metagenome_pipeline_v1.0/Result/qc/SRR29981026/nanoplot.done gzip -cd ../PRJNA1139951_gut_nanopore/Study/fastq/common_bean/549/SRR29981026_1.fastq.gz | chopper --minlength 1000 --quality 10.0 | gzip -c > /nas/users/bing/Projects/nanopore_longread_metagenome_pipeline_v1.0/Result/qc/SRR29981026/filtered.fastq.gz seqkit stats -T ../PRJNA1139951_gut_nanopore/Study/fastq/common_bean/549/SRR29981026_1.fastq.gz /nas/users/bing/Projects/nanopore_longread_metagenome_pipeline_v1.0/Result/qc/SRR29981026/filtered.fastq.gz > /nas/users/bing/Projects/nanopore_longread_metagenome_pipeline_v1.0/Result/qc/SRR29981026/seqkit_stats.tsv
2026-07-17 12:28:40,512 | INFO | === SRR29981015 ===
2026-07-17 12:28:40,512 | INFO | --- qc ---
2026-07-17 12:28:40,515 | INFO | Command: set -euo pipefail mkdir -p /nas/users/bing/Projects/nanopore_longread_metagenome_pipeline_v1.0/Result/qc/SRR29981015/nanoplot NanoPlot --fastq ../PRJNA1139951_gut_nanopore/Study/fastq/common_bean/549/SRR29981015_1.fastq.gz --threads 8 --outdir /nas/users/bing/Projects/nanopore_longread_metagenome_pipeline_v1.0/Result/qc/SRR29981015/nanoplot touch /nas/users/bing/Projects/nanopore_longread_metagenome_pipeline_v1.0/Result/qc/SRR29981015/nanoplot.done gzip -cd ../PRJNA1139951_gut_nanopore/Study/fastq/common_bean/549/SRR29981015_1.fastq.gz | chopper --minlength 1000 --quality 10.0 | gzip -c > /nas/users/bing/Projects/nanopore_longread_metagenome_pipeline_v1.0/Result/qc/SRR29981015/filtered.fastq.gz seqkit stats -T ../PRJNA1139951_gut_nanopore/Study/fastq/common_bean/549/SRR29981015_1.fastq.gz /nas/users/bing/Projects/nanopore_longread_metagenome_pipeline_v1.0/Result/qc/SRR29981015/filtered.fastq.gz > /nas/users/bing/Projects/nanopore_longread_metagenome_pipeline_v1.0/Result/qc/SRR29981015/seqkit_stats.tsv
2026-07-17 12:28:40,515 | INFO | === SRR29981004 ===
2026-07-17 12:28:40,516 | INFO | --- qc ---
2026-07-17 12:28:40,520 | INFO | Command: set -euo pipefail mkdir -p /nas/users/bing/Projects/nanopore_longread_metagenome_pipeline_v1.0/Result/qc/SRR29981004/nanoplot NanoPlot --fastq ../PRJNA1139951_gut_nanopore/Study/fastq/cowpea/553/SRR29981004_1.fastq.gz --threads 8 --outdir /nas/users/bing/Projects/nanopore_longread_metagenome_pipeline_v1.0/Result/qc/SRR29981004/nanoplot touch /nas/users/bing/Projects/nanopore_longread_metagenome_pipeline_v1.0/Result/qc/SRR29981004/nanoplot.done gzip -cd ../PRJNA1139951_gut_nanopore/Study/fastq/cowpea/553/SRR29981004_1.fastq.gz | chopper --minlength 1000 --quality 10.0 | gzip -c > /nas/users/bing/Projects/nanopore_longread_metagenome_pipeline_v1.0/Result/qc/SRR29981004/filtered.fastq.gz seqkit stats -T ../PRJNA1139951_gut_nanopore/Study/fastq/cowpea/553/SRR29981004_1.fastq.gz /nas/users/bing/Projects/nanopore_longread_metagenome_pipeline_v1.0/Result/qc/SRR29981004/filtered.fastq.gz > /nas/users/bing/Projects/nanopore_longread_metagenome_pipeline_v1.0/Result/qc/SRR29981004/seqkit_stats.tsv
2026-07-17 12:28:40,520 | INFO | === SRR29981002 ===
2026-07-17 12:28:40,520 | INFO | --- qc ---
2026-07-17 12:28:40,523 | INFO | Command: set -euo pipefail mkdir -p /nas/users/bing/Projects/nanopore_longread_metagenome_pipeline_v1.0/Result/qc/SRR29981002/nanoplot NanoPlot --fastq ../PRJNA1139951_gut_nanopore/Study/fastq/cowpea/553/SRR29981002_1.fastq.gz --threads 8 --outdir /nas/users/bing/Projects/nanopore_longread_metagenome_pipeline_v1.0/Result/qc/SRR29981002/nanoplot touch /nas/users/bing/Projects/nanopore_longread_metagenome_pipeline_v1.0/Result/qc/SRR29981002/nanoplot.done gzip -cd ../PRJNA1139951_gut_nanopore/Study/fastq/cowpea/553/SRR29981002_1.fastq.gz | chopper --minlength 1000 --quality 10.0 | gzip -c > /nas/users/bing/Projects/nanopore_longread_metagenome_pipeline_v1.0/Result/qc/SRR29981002/filtered.fastq.gz seqkit stats -T ../PRJNA1139951_gut_nanopore/Study/fastq/cowpea/553/SRR29981002_1.fastq.gz /nas/users/bing/Projects/nanopore_longread_metagenome_pipeline_v1.0/Result/qc/SRR29981002/filtered.fastq.gz > /nas/users/bing/Projects/nanopore_longread_metagenome_pipeline_v1.0/Result/qc/SRR29981002/seqkit_stats.tsv
2026-07-17 12:28:40,523 | INFO | === SRR29981001 ===
2026-07-17 12:28:40,524 | INFO | --- qc ---
2026-07-17 12:28:40,526 | INFO | Command: set -euo pipefail mkdir -p /nas/users/bing/Projects/nanopore_longread_metagenome_pipeline_v1.0/Result/qc/SRR29981001/nanoplot NanoPlot --fastq ../PRJNA1139951_gut_nanopore/Study/fastq/cowpea/553/SRR29981001_1.fastq.gz --threads 8 --outdir /nas/users/bing/Projects/nanopore_longread_metagenome_pipeline_v1.0/Result/qc/SRR29981001/nanoplot touch /nas/users/bing/Projects/nanopore_longread_metagenome_pipeline_v1.0/Result/qc/SRR29981001/nanoplot.done gzip -cd ../PRJNA1139951_gut_nanopore/Study/fastq/cowpea/553/SRR29981001_1.fastq.gz | chopper --minlength 1000 --quality 10.0 | gzip -c > /nas/users/bing/Projects/nanopore_longread_metagenome_pipeline_v1.0/Result/qc/SRR29981001/filtered.fastq.gz seqkit stats -T ../PRJNA1139951_gut_nanopore/Study/fastq/cowpea/553/SRR29981001_1.fastq.gz /nas/users/bing/Projects/nanopore_longread_metagenome_pipeline_v1.0/Result/qc/SRR29981001/filtered.fastq.gz > /nas/users/bing/Projects/nanopore_longread_metagenome_pipeline_v1.0/Result/qc/SRR29981001/seqkit_stats.tsv
2026-07-17 12:28:40,526 | INFO | === SRR29980998 ===
2026-07-17 12:28:40,526 | INFO | --- qc ---
2026-07-17 12:28:40,529 | INFO | Command: set -euo pipefail mkdir -p /nas/users/bing/Projects/nanopore_longread_metagenome_pipeline_v1.0/Result/qc/SRR29980998/nanoplot NanoPlot --fastq ../PRJNA1139951_gut_nanopore/Study/fastq/corn_soy_blend_control/603/SRR29980998_1.fastq.gz --threads 8 --outdir /nas/users/bing/Projects/nanopore_longread_metagenome_pipeline_v1.0/Result/qc/SRR29980998/nanoplot touch /nas/users/bing/Projects/nanopore_longread_metagenome_pipeline_v1.0/Result/qc/SRR29980998/nanoplot.done gzip -cd ../PRJNA1139951_gut_nanopore/Study/fastq/corn_soy_blend_control/603/SRR29980998_1.fastq.gz | chopper --minlength 1000 --quality 10.0 | gzip -c > /nas/users/bing/Projects/nanopore_longread_metagenome_pipeline_v1.0/Result/qc/SRR29980998/filtered.fastq.gz seqkit stats -T ../PRJNA1139951_gut_nanopore/Study/fastq/corn_soy_blend_control/603/SRR29980998_1.fastq.gz /nas/users/bing/Projects/nanopore_longread_metagenome_pipeline_v1.0/Result/qc/SRR29980998/filtered.fastq.gz > /nas/users/bing/Projects/nanopore_longread_metagenome_pipeline_v1.0/Result/qc/SRR29980998/seqkit_stats.tsv
2026-07-17 12:28:40,529 | INFO | === SRR29980988 ===
2026-07-17 12:28:40,529 | INFO | --- qc ---
2026-07-17 12:28:40,532 | INFO | Command: set -euo pipefail mkdir -p /nas/users/bing/Projects/nanopore_longread_metagenome_pipeline_v1.0/Result/qc/SRR29980988/nanoplot NanoPlot --fastq ../PRJNA1139951_gut_nanopore/Study/fastq/cowpea/699/SRR29980988_1.fastq.gz --threads 8 --outdir /nas/users/bing/Projects/nanopore_longread_metagenome_pipeline_v1.0/Result/qc/SRR29980988/nanoplot touch /nas/users/bing/Projects/nanopore_longread_metagenome_pipeline_v1.0/Result/qc/SRR29980988/nanoplot.done gzip -cd ../PRJNA1139951_gut_nanopore/Study/fastq/cowpea/699/SRR29980988_1.fastq.gz | chopper --minlength 1000 --quality 10.0 | gzip -c > /nas/users/bing/Projects/nanopore_longread_metagenome_pipeline_v1.0/Result/qc/SRR29980988/filtered.fastq.gz seqkit stats -T ../PRJNA1139951_gut_nanopore/Study/fastq/cowpea/699/SRR29980988_1.fastq.gz /nas/users/bing/Projects/nanopore_longread_metagenome_pipeline_v1.0/Result/qc/SRR29980988/filtered.fastq.gz > /nas/users/bing/Projects/nanopore_longread_metagenome_pipeline_v1.0/Result/qc/SRR29980988/seqkit_stats.tsv
2026-07-17 12:28:40,532 | INFO | === SRR29980982 ===
2026-07-17 12:28:40,532 | INFO | --- qc ---
2026-07-17 12:28:40,534 | INFO | Command: set -euo pipefail mkdir -p /nas/users/bing/Projects/nanopore_longread_metagenome_pipeline_v1.0/Result/qc/SRR29980982/nanoplot NanoPlot --fastq ../PRJNA1139951_gut_nanopore/Study/fastq/cowpea/742/SRR29980982_1.fastq.gz --threads 8 --outdir /nas/users/bing/Projects/nanopore_longread_metagenome_pipeline_v1.0/Result/qc/SRR29980982/nanoplot touch /nas/users/bing/Projects/nanopore_longread_metagenome_pipeline_v1.0/Result/qc/SRR29980982/nanoplot.done gzip -cd ../PRJNA1139951_gut_nanopore/Study/fastq/cowpea/742/SRR29980982_1.fastq.gz | chopper --minlength 1000 --quality 10.0 | gzip -c > /nas/users/bing/Projects/nanopore_longread_metagenome_pipeline_v1.0/Result/qc/SRR29980982/filtered.fastq.gz seqkit stats -T ../PRJNA1139951_gut_nanopore/Study/fastq/cowpea/742/SRR29980982_1.fastq.gz /nas/users/bing/Projects/nanopore_longread_metagenome_pipeline_v1.0/Result/qc/SRR29980982/filtered.fastq.gz > /nas/users/bing/Projects/nanopore_longread_metagenome_pipeline_v1.0/Result/qc/SRR29980982/seqkit_stats.tsv
2026-07-17 12:28:40,535 | INFO | === SRR29980979 ===
2026-07-17 12:28:40,535 | INFO | --- qc ---
2026-07-17 12:28:40,538 | INFO | Command: set -euo pipefail mkdir -p /nas/users/bing/Projects/nanopore_longread_metagenome_pipeline_v1.0/Result/qc/SRR29980979/nanoplot NanoPlot --fastq ../PRJNA1139951_gut_nanopore/Study/fastq/cowpea/742/SRR29980979_1.fastq.gz --threads 8 --outdir /nas/users/bing/Projects/nanopore_longread_metagenome_pipeline_v1.0/Result/qc/SRR29980979/nanoplot touch /nas/users/bing/Projects/nanopore_longread_metagenome_pipeline_v1.0/Result/qc/SRR29980979/nanoplot.done gzip -cd ../PRJNA1139951_gut_nanopore/Study/fastq/cowpea/742/SRR29980979_1.fastq.gz | chopper --minlength 1000 --quality 10.0 | gzip -c > /nas/users/bing/Projects/nanopore_longread_metagenome_pipeline_v1.0/Result/qc/SRR29980979/filtered.fastq.gz seqkit stats -T ../PRJNA1139951_gut_nanopore/Study/fastq/cowpea/742/SRR29980979_1.fastq.gz /nas/users/bing/Projects/nanopore_longread_metagenome_pipeline_v1.0/Result/qc/SRR29980979/filtered.fastq.gz > /nas/users/bing/Projects/nanopore_longread_metagenome_pipeline_v1.0/Result/qc/SRR29980979/seqkit_stats.tsv
2026-07-17 12:28:40,538 | INFO | === SRR29980976 ===
2026-07-17 12:28:40,538 | INFO | --- qc ---
2026-07-17 12:28:40,541 | INFO | Command: set -euo pipefail mkdir -p /nas/users/bing/Projects/nanopore_longread_metagenome_pipeline_v1.0/Result/qc/SRR29980976/nanoplot NanoPlot --fastq ../PRJNA1139951_gut_nanopore/Study/fastq/cowpea/791/SRR29980976_1.fastq.gz --threads 8 --outdir /nas/users/bing/Projects/nanopore_longread_metagenome_pipeline_v1.0/Result/qc/SRR29980976/nanoplot touch /nas/users/bing/Projects/nanopore_longread_metagenome_pipeline_v1.0/Result/qc/SRR29980976/nanoplot.done gzip -cd ../PRJNA1139951_gut_nanopore/Study/fastq/cowpea/791/SRR29980976_1.fastq.gz | chopper --minlength 1000 --quality 10.0 | gzip -c > /nas/users/bing/Projects/nanopore_longread_metagenome_pipeline_v1.0/Result/qc/SRR29980976/filtered.fastq.gz seqkit stats -T ../PRJNA1139951_gut_nanopore/Study/fastq/cowpea/791/SRR29980976_1.fastq.gz /nas/users/bing/Projects/nanopore_longread_metagenome_pipeline_v1.0/Result/qc/SRR29980976/filtered.fastq.gz > /nas/users/bing/Projects/nanopore_longread_metagenome_pipeline_v1.0/Result/qc/SRR29980976/seqkit_stats.tsv
2026-07-17 12:28:40,541 | INFO | === SRR29980975 ===
2026-07-17 12:28:40,541 | INFO | --- qc ---
2026-07-17 12:28:40,544 | INFO | Command: set -euo pipefail mkdir -p /nas/users/bing/Projects/nanopore_longread_metagenome_pipeline_v1.0/Result/qc/SRR29980975/nanoplot NanoPlot --fastq ../PRJNA1139951_gut_nanopore/Study/fastq/cowpea/791/SRR29980975_1.fastq.gz --threads 8 --outdir /nas/users/bing/Projects/nanopore_longread_metagenome_pipeline_v1.0/Result/qc/SRR29980975/nanoplot touch /nas/users/bing/Projects/nanopore_longread_metagenome_pipeline_v1.0/Result/qc/SRR29980975/nanoplot.done gzip -cd ../PRJNA1139951_gut_nanopore/Study/fastq/cowpea/791/SRR29980975_1.fastq.gz | chopper --minlength 1000 --quality 10.0 | gzip -c > /nas/users/bing/Projects/nanopore_longread_metagenome_pipeline_v1.0/Result/qc/SRR29980975/filtered.fastq.gz seqkit stats -T ../PRJNA1139951_gut_nanopore/Study/fastq/cowpea/791/SRR29980975_1.fastq.gz /nas/users/bing/Projects/nanopore_longread_metagenome_pipeline_v1.0/Result/qc/SRR29980975/filtered.fastq.gz > /nas/users/bing/Projects/nanopore_longread_metagenome_pipeline_v1.0/Result/qc/SRR29980975/seqkit_stats.tsv
2026-07-17 12:28:40,544 | INFO | === SRR29980969 ===
2026-07-17 12:28:40,544 | INFO | --- qc ---
2026-07-17 12:28:40,547 | INFO | Command: set -euo pipefail mkdir -p /nas/users/bing/Projects/nanopore_longread_metagenome_pipeline_v1.0/Result/qc/SRR29980969/nanoplot NanoPlot --fastq ../PRJNA1139951_gut_nanopore/Study/fastq/common_bean/798/SRR29980969_1.fastq.gz --threads 8 --outdir /nas/users/bing/Projects/nanopore_longread_metagenome_pipeline_v1.0/Result/qc/SRR29980969/nanoplot touch /nas/users/bing/Projects/nanopore_longread_metagenome_pipeline_v1.0/Result/qc/SRR29980969/nanoplot.done gzip -cd ../PRJNA1139951_gut_nanopore/Study/fastq/common_bean/798/SRR29980969_1.fastq.gz | chopper --minlength 1000 --quality 10.0 | gzip -c > /nas/users/bing/Projects/nanopore_longread_metagenome_pipeline_v1.0/Result/qc/SRR29980969/filtered.fastq.gz seqkit stats -T ../PRJNA1139951_gut_nanopore/Study/fastq/common_bean/798/SRR29980969_1.fastq.gz /nas/users/bing/Projects/nanopore_longread_metagenome_pipeline_v1.0/Result/qc/SRR29980969/filtered.fastq.gz > /nas/users/bing/Projects/nanopore_longread_metagenome_pipeline_v1.0/Result/qc/SRR29980969/seqkit_stats.tsv
2026-07-17 12:28:40,547 | INFO | === SRR29980968 ===
2026-07-17 12:28:40,547 | INFO | --- qc ---
2026-07-17 12:28:40,550 | INFO | Command: set -euo pipefail mkdir -p /nas/users/bing/Projects/nanopore_longread_metagenome_pipeline_v1.0/Result/qc/SRR29980968/nanoplot NanoPlot --fastq ../PRJNA1139951_gut_nanopore/Study/fastq/common_bean/798/SRR29980968_1.fastq.gz --threads 8 --outdir /nas/users/bing/Projects/nanopore_longread_metagenome_pipeline_v1.0/Result/qc/SRR29980968/nanoplot touch /nas/users/bing/Projects/nanopore_longread_metagenome_pipeline_v1.0/Result/qc/SRR29980968/nanoplot.done gzip -cd ../PRJNA1139951_gut_nanopore/Study/fastq/common_bean/798/SRR29980968_1.fastq.gz | chopper --minlength 1000 --quality 10.0 | gzip -c > /nas/users/bing/Projects/nanopore_longread_metagenome_pipeline_v1.0/Result/qc/SRR29980968/filtered.fastq.gz seqkit stats -T ../PRJNA1139951_gut_nanopore/Study/fastq/common_bean/798/SRR29980968_1.fastq.gz /nas/users/bing/Projects/nanopore_longread_metagenome_pipeline_v1.0/Result/qc/SRR29980968/filtered.fastq.gz > /nas/users/bing/Projects/nanopore_longread_metagenome_pipeline_v1.0/Result/qc/SRR29980968/seqkit_stats.tsv
2026-07-17 12:28:40,550 | INFO | === SRR29980967 ===
2026-07-17 12:28:40,550 | INFO | --- qc ---
2026-07-17 12:28:40,553 | INFO | Command: set -euo pipefail mkdir -p /nas/users/bing/Projects/nanopore_longread_metagenome_pipeline_v1.0/Result/qc/SRR29980967/nanoplot NanoPlot --fastq ../PRJNA1139951_gut_nanopore/Study/fastq/common_bean/798/SRR29980967_1.fastq.gz --threads 8 --outdir /nas/users/bing/Projects/nanopore_longread_metagenome_pipeline_v1.0/Result/qc/SRR29980967/nanoplot touch /nas/users/bing/Projects/nanopore_longread_metagenome_pipeline_v1.0/Result/qc/SRR29980967/nanoplot.done gzip -cd ../PRJNA1139951_gut_nanopore/Study/fastq/common_bean/798/SRR29980967_1.fastq.gz | chopper --minlength 1000 --quality 10.0 | gzip -c > /nas/users/bing/Projects/nanopore_longread_metagenome_pipeline_v1.0/Result/qc/SRR29980967/filtered.fastq.gz seqkit stats -T ../PRJNA1139951_gut_nanopore/Study/fastq/common_bean/798/SRR29980967_1.fastq.gz /nas/users/bing/Projects/nanopore_longread_metagenome_pipeline_v1.0/Result/qc/SRR29980967/filtered.fastq.gz > /nas/users/bing/Projects/nanopore_longread_metagenome_pipeline_v1.0/Result/qc/SRR29980967/seqkit_stats.tsv
2026-07-17 12:28:40,553 | INFO | === SRR29980966 ===
2026-07-17 12:28:40,553 | INFO | --- qc ---
2026-07-17 12:28:40,555 | INFO | Command: set -euo pipefail mkdir -p /nas/users/bing/Projects/nanopore_longread_metagenome_pipeline_v1.0/Result/qc/SRR29980966/nanoplot NanoPlot --fastq ../PRJNA1139951_gut_nanopore/Study/fastq/common_bean/798/SRR29980966_1.fastq.gz --threads 8 --outdir /nas/users/bing/Projects/nanopore_longread_metagenome_pipeline_v1.0/Result/qc/SRR29980966/nanoplot touch /nas/users/bing/Projects/nanopore_longread_metagenome_pipeline_v1.0/Result/qc/SRR29980966/nanoplot.done gzip -cd ../PRJNA1139951_gut_nanopore/Study/fastq/common_bean/798/SRR29980966_1.fastq.gz | chopper --minlength 1000 --quality 10.0 | gzip -c > /nas/users/bing/Projects/nanopore_longread_metagenome_pipeline_v1.0/Result/qc/SRR29980966/filtered.fastq.gz seqkit stats -T ../PRJNA1139951_gut_nanopore/Study/fastq/common_bean/798/SRR29980966_1.fastq.gz /nas/users/bing/Projects/nanopore_longread_metagenome_pipeline_v1.0/Result/qc/SRR29980966/filtered.fastq.gz > /nas/users/bing/Projects/nanopore_longread_metagenome_pipeline_v1.0/Result/qc/SRR29980966/seqkit_stats.tsv
2026-07-17 12:28:40,555 | INFO | Pipeline completed
2026-07-17 12:28:52,608 | INFO | === SRR29981005 ===
2026-07-17 12:28:52,608 | INFO | --- qc ---
2026-07-17 12:28:52,610 | INFO | Command: set -euo pipefail mkdir -p /nas/users/bing/Projects/nanopore_longread_metagenome_pipeline_v1.0/Result/qc/SRR29981005/nanoplot NanoPlot --fastq ../PRJNA1139951_gut_nanopore/Study/fastq/corn_soy_blend_control/526/SRR29981005_1.fastq.gz --threads 8 --outdir /nas/users/bing/Projects/nanopore_longread_metagenome_pipeline_v1.0/Result/qc/SRR29981005/nanoplot touch /nas/users/bing/Projects/nanopore_longread_metagenome_pipeline_v1.0/Result/qc/SRR29981005/nanoplot.done gzip -cd ../PRJNA1139951_gut_nanopore/Study/fastq/corn_soy_blend_control/526/SRR29981005_1.fastq.gz | chopper --minlength 1000 --quality 10.0 | gzip -c > /nas/users/bing/Projects/nanopore_longread_metagenome_pipeline_v1.0/Result/qc/SRR29981005/filtered.fastq.gz seqkit stats -T ../PRJNA1139951_gut_nanopore/Study/fastq/corn_soy_blend_control/526/SRR29981005_1.fastq.gz /nas/users/bing/Projects/nanopore_longread_metagenome_pipeline_v1.0/Result/qc/SRR29981005/filtered.fastq.gz > /nas/users/bing/Projects/nanopore_longread_metagenome_pipeline_v1.0/Result/qc/SRR29981005/seqkit_stats.tsv
2026-07-17 12:29:28,509 | INFO | === SRR29981005 ===
2026-07-17 12:29:28,509 | INFO | --- qc ---
2026-07-17 12:29:28,514 | INFO | Command: set -euo pipefail mkdir -p /nas/users/bing/Projects/nanopore_longread_metagenome_pipeline_v1.0/Result/qc/SRR29981005/nanoplot NanoPlot --fastq ../PRJNA1139951_gut_nanopore/Study/fastq/corn_soy_blend_control/526/SRR29981005_1.fastq.gz --threads 8 --outdir /nas/users/bing/Projects/nanopore_longread_metagenome_pipeline_v1.0/Result/qc/SRR29981005/nanoplot touch /nas/users/bing/Projects/nanopore_longread_metagenome_pipeline_v1.0/Result/qc/SRR29981005/nanoplot.done gzip -cd ../PRJNA1139951_gut_nanopore/Study/fastq/corn_soy_blend_control/526/SRR29981005_1.fastq.gz | chopper --minlength 1000 --quality 10.0 | gzip -c > /nas/users/bing/Projects/nanopore_longread_metagenome_pipeline_v1.0/Result/qc/SRR29981005/filtered.fastq.gz seqkit stats -T ../PRJNA1139951_gut_nanopore/Study/fastq/corn_soy_blend_control/526/SRR29981005_1.fastq.gz /nas/users/bing/Projects/nanopore_longread_metagenome_pipeline_v1.0/Result/qc/SRR29981005/filtered.fastq.gz > /nas/users/bing/Projects/nanopore_longread_metagenome_pipeline_v1.0/Result/qc/SRR29981005/seqkit_stats.tsv
2026-07-17 12:36:11,620 | INFO | === SRR29981005 ===
2026-07-17 12:36:11,621 | INFO | --- qc ---
2026-07-17 12:36:11,625 | INFO | Command: set -euo pipefail mkdir -p /nas/users/bing/Projects/nanopore_longread_metagenome_pipeline_v1.0/Result/qc/SRR29981005/nanoplot NanoPlot --fastq ../PRJNA1139951_gut_nanopore/Study/fastq/corn_soy_blend_control/526/SRR29981005_1.fastq.gz --threads 8 --outdir /nas/users/bing/Projects/nanopore_longread_metagenome_pipeline_v1.0/Result/qc/SRR29981005/nanoplot touch /nas/users/bing/Projects/nanopore_longread_metagenome_pipeline_v1.0/Result/qc/SRR29981005/nanoplot.done gzip -cd ../PRJNA1139951_gut_nanopore/Study/fastq/corn_soy_blend_control/526/SRR29981005_1.fastq.gz | chopper --minlength 1000 --quality 10.0 | gzip -c > /nas/users/bing/Projects/nanopore_longread_metagenome_pipeline_v1.0/Result/qc/SRR29981005/filtered.fastq.gz seqkit stats -T ../PRJNA1139951_gut_nanopore/Study/fastq/corn_soy_blend_control/526/SRR29981005_1.fastq.gz /nas/users/bing/Projects/nanopore_longread_metagenome_pipeline_v1.0/Result/qc/SRR29981005/filtered.fastq.gz > /nas/users/bing/Projects/nanopore_longread_metagenome_pipeline_v1.0/Result/qc/SRR29981005/seqkit_stats.tsv
2026-07-17 12:47:58,502 | INFO | Running 2 sample(s) with 2 parallel job(s)
2026-07-17 12:47:58,502 | INFO | === SRR29981005 ===
2026-07-17 12:47:58,503 | INFO | === SRR29980983 ===
2026-07-17 12:47:58,503 | INFO | [SRR29981005] --- qc ---
2026-07-17 12:47:58,503 | INFO | [SRR29980983] --- qc ---
2026-07-17 12:47:58,508 | INFO | Command: set -euo pipefail mkdir -p /nas/users/bing/Projects/nanopore_longread_metagenome_pipeline_v1.0/Result/qc/SRR29980983/nanoplot NanoPlot --fastq ../PRJNA1139951_gut_nanopore/Study/fastq/corn_soy_blend_control/526/SRR29980983_1.fastq.gz --threads 8 --outdir /nas/users/bing/Projects/nanopore_longread_metagenome_pipeline_v1.0/Result/qc/SRR29980983/nanoplot touch /nas/users/bing/Projects/nanopore_longread_metagenome_pipeline_v1.0/Result/qc/SRR29980983/nanoplot.done gzip -cd ../PRJNA1139951_gut_nanopore/Study/fastq/corn_soy_blend_control/526/SRR29980983_1.fastq.gz | chopper --minlength 1000 --quality 10.0 | gzip -c > /nas/users/bing/Projects/nanopore_longread_metagenome_pipeline_v1.0/Result/qc/SRR29980983/filtered.fastq.gz seqkit stats -T ../PRJNA1139951_gut_nanopore/Study/fastq/corn_soy_blend_control/526/SRR29980983_1.fastq.gz /nas/users/bing/Projects/nanopore_longread_metagenome_pipeline_v1.0/Result/qc/SRR29980983/filtered.fastq.gz > /nas/users/bing/Projects/nanopore_longread_metagenome_pipeline_v1.0/Result/qc/SRR29980983/seqkit_stats.tsv
2026-07-17 12:47:58,508 | INFO | Command: set -euo pipefail mkdir -p /nas/users/bing/Projects/nanopore_longread_metagenome_pipeline_v1.0/Result/qc/SRR29981005/nanoplot NanoPlot --fastq ../PRJNA1139951_gut_nanopore/Study/fastq/corn_soy_blend_control/526/SRR29981005_1.fastq.gz --threads 8 --outdir /nas/users/bing/Projects/nanopore_longread_metagenome_pipeline_v1.0/Result/qc/SRR29981005/nanoplot touch /nas/users/bing/Projects/nanopore_longread_metagenome_pipeline_v1.0/Result/qc/SRR29981005/nanoplot.done gzip -cd ../PRJNA1139951_gut_nanopore/Study/fastq/corn_soy_blend_control/526/SRR29981005_1.fastq.gz | chopper --minlength 1000 --quality 10.0 | gzip -c > /nas/users/bing/Projects/nanopore_longread_metagenome_pipeline_v1.0/Result/qc/SRR29981005/filtered.fastq.gz seqkit stats -T ../PRJNA1139951_gut_nanopore/Study/fastq/corn_soy_blend_control/526/SRR29981005_1.fastq.gz /nas/users/bing/Projects/nanopore_longread_metagenome_pipeline_v1.0/Result/qc/SRR29981005/filtered.fastq.gz > /nas/users/bing/Projects/nanopore_longread_metagenome_pipeline_v1.0/Result/qc/SRR29981005/seqkit_stats.tsv
2026-07-17 12:48:08,809 | ERROR | [SRR29980983] failed
Traceback (most recent call last):
  File "/nas/users/bing/Projects/nanopore_longread_metagenome_pipeline_v1.0/pipeline/cli.py", line 131, in main
    future.result()
  File "/home/bing/mambaforge/envs/nanopore_metagenome_core/lib/python3.11/concurrent/futures/_base.py", line 449, in result
    return self.__get_result()
           ^^^^^^^^^^^^^^^^^^^
  File "/home/bing/mambaforge/envs/nanopore_metagenome_core/lib/python3.11/concurrent/futures/_base.py", line 401, in __get_result
    raise self._exception
  File "/home/bing/mambaforge/envs/nanopore_metagenome_core/lib/python3.11/concurrent/futures/thread.py", line 58, in run
    result = self.fn(*self.args, **self.kwargs)
             ^^^^^^^^^^^^^^^^^^^^^^^^^^^^^^^^^^
  File "/nas/users/bing/Projects/nanopore_longread_metagenome_pipeline_v1.0/pipeline/cli.py", line 66, in run_sample
    STEPS[step](ctx, sample)
  File "/nas/users/bing/Projects/nanopore_longread_metagenome_pipeline_v1.0/pipeline/p00_qc.py", line 31, in run
    run_command(ctx, command, ctx.log_dir / sample.sample_id / "p00_qc.log",
  File "/nas/users/bing/Projects/nanopore_longread_metagenome_pipeline_v1.0/pipeline/utils.py", line 123, in run_command
    raise RuntimeError(
RuntimeError: Command failed with exit code 1. See: /nas/users/bing/Projects/nanopore_longread_metagenome_pipeline_v1.0/Logs/SRR29980983/p00_qc.log
2026-07-17 12:51:21,043 | INFO | Running 2 sample(s) with 2 parallel job(s)
2026-07-17 12:51:21,043 | INFO | === SRR29981005 ===
2026-07-17 12:51:21,044 | INFO | === SRR29980983 ===
2026-07-17 12:51:21,044 | INFO | [SRR29981005] --- qc ---
2026-07-17 12:51:21,044 | INFO | [SRR29980983] --- qc ---
2026-07-17 12:51:21,048 | INFO | Command: set -euo pipefail mkdir -p /nas/users/bing/Projects/nanopore_longread_metagenome_pipeline_v1.0/Result/qc/SRR29981005/nanoplot NanoPlot --fastq ../PRJNA1139951_gut_nanopore/Study/fastq/corn_soy_blend_control/526/SRR29981005_1.fastq.gz --threads 8 --outdir /nas/users/bing/Projects/nanopore_longread_metagenome_pipeline_v1.0/Result/qc/SRR29981005/nanoplot touch /nas/users/bing/Projects/nanopore_longread_metagenome_pipeline_v1.0/Result/qc/SRR29981005/nanoplot.done gzip -cd ../PRJNA1139951_gut_nanopore/Study/fastq/corn_soy_blend_control/526/SRR29981005_1.fastq.gz | chopper --minlength 1000 --quality 10.0 | gzip -c > /nas/users/bing/Projects/nanopore_longread_metagenome_pipeline_v1.0/Result/qc/SRR29981005/filtered.fastq.gz seqkit stats -T ../PRJNA1139951_gut_nanopore/Study/fastq/corn_soy_blend_control/526/SRR29981005_1.fastq.gz /nas/users/bing/Projects/nanopore_longread_metagenome_pipeline_v1.0/Result/qc/SRR29981005/filtered.fastq.gz > /nas/users/bing/Projects/nanopore_longread_metagenome_pipeline_v1.0/Result/qc/SRR29981005/seqkit_stats.tsv
2026-07-17 12:51:21,048 | INFO | Command: set -euo pipefail mkdir -p /nas/users/bing/Projects/nanopore_longread_metagenome_pipeline_v1.0/Result/qc/SRR29980983/nanoplot NanoPlot --fastq ../PRJNA1139951_gut_nanopore/Study/fastq/corn_soy_blend_control/526/SRR29980983_1.fastq.gz --threads 8 --outdir /nas/users/bing/Projects/nanopore_longread_metagenome_pipeline_v1.0/Result/qc/SRR29980983/nanoplot touch /nas/users/bing/Projects/nanopore_longread_metagenome_pipeline_v1.0/Result/qc/SRR29980983/nanoplot.done gzip -cd ../PRJNA1139951_gut_nanopore/Study/fastq/corn_soy_blend_control/526/SRR29980983_1.fastq.gz | chopper --minlength 1000 --quality 10.0 | gzip -c > /nas/users/bing/Projects/nanopore_longread_metagenome_pipeline_v1.0/Result/qc/SRR29980983/filtered.fastq.gz seqkit stats -T ../PRJNA1139951_gut_nanopore/Study/fastq/corn_soy_blend_control/526/SRR29980983_1.fastq.gz /nas/users/bing/Projects/nanopore_longread_metagenome_pipeline_v1.0/Result/qc/SRR29980983/filtered.fastq.gz > /nas/users/bing/Projects/nanopore_longread_metagenome_pipeline_v1.0/Result/qc/SRR29980983/seqkit_stats.tsv
2026-07-17 12:51:31,003 | ERROR | [SRR29980983] failed
Traceback (most recent call last):
  File "/nas/users/bing/Projects/nanopore_longread_metagenome_pipeline_v1.0/pipeline/cli.py", line 131, in main
    future.result()
  File "/home/bing/mambaforge/envs/nanopore_metagenome_core/lib/python3.11/concurrent/futures/_base.py", line 449, in result
    return self.__get_result()
           ^^^^^^^^^^^^^^^^^^^
  File "/home/bing/mambaforge/envs/nanopore_metagenome_core/lib/python3.11/concurrent/futures/_base.py", line 401, in __get_result
    raise self._exception
  File "/home/bing/mambaforge/envs/nanopore_metagenome_core/lib/python3.11/concurrent/futures/thread.py", line 58, in run
    result = self.fn(*self.args, **self.kwargs)
             ^^^^^^^^^^^^^^^^^^^^^^^^^^^^^^^^^^
  File "/nas/users/bing/Projects/nanopore_longread_metagenome_pipeline_v1.0/pipeline/cli.py", line 66, in run_sample
    STEPS[step](ctx, sample)
  File "/nas/users/bing/Projects/nanopore_longread_metagenome_pipeline_v1.0/pipeline/p00_qc.py", line 31, in run
    run_command(ctx, command, ctx.log_dir / sample.sample_id / "p00_qc.log",
  File "/nas/users/bing/Projects/nanopore_longread_metagenome_pipeline_v1.0/pipeline/utils.py", line 123, in run_command
    raise RuntimeError(
RuntimeError: Command failed with exit code 1. See: /nas/users/bing/Projects/nanopore_longread_metagenome_pipeline_v1.0/Logs/SRR29980983/p00_qc.log
2026-07-17 12:54:02,794 | INFO | Running 2 sample(s) with 2 parallel job(s)
2026-07-17 12:54:02,795 | INFO | === SRR29981005 ===
2026-07-17 12:54:02,795 | INFO | === SRR29980983 ===
2026-07-17 12:54:02,796 | INFO | [SRR29981005] --- qc ---
2026-07-17 12:54:02,796 | INFO | [SRR29980983] --- qc ---
2026-07-17 12:54:02,801 | INFO | Command: set -euo pipefail mkdir -p /nas/users/bing/Projects/nanopore_longread_metagenome_pipeline_v1.0/Result/qc/SRR29981005/nanoplot NanoPlot --fastq ../PRJNA1139951_gut_nanopore/Study/fastq/corn_soy_blend_control/526/SRR29981005_1.fastq.gz --threads 8 --outdir /nas/users/bing/Projects/nanopore_longread_metagenome_pipeline_v1.0/Result/qc/SRR29981005/nanoplot touch /nas/users/bing/Projects/nanopore_longread_metagenome_pipeline_v1.0/Result/qc/SRR29981005/nanoplot.done gzip -cd ../PRJNA1139951_gut_nanopore/Study/fastq/corn_soy_blend_control/526/SRR29981005_1.fastq.gz | chopper --minlength 1000 --quality 10.0 | gzip -c > /nas/users/bing/Projects/nanopore_longread_metagenome_pipeline_v1.0/Result/qc/SRR29981005/filtered.fastq.gz seqkit stats -T ../PRJNA1139951_gut_nanopore/Study/fastq/corn_soy_blend_control/526/SRR29981005_1.fastq.gz /nas/users/bing/Projects/nanopore_longread_metagenome_pipeline_v1.0/Result/qc/SRR29981005/filtered.fastq.gz > /nas/users/bing/Projects/nanopore_longread_metagenome_pipeline_v1.0/Result/qc/SRR29981005/seqkit_stats.tsv
2026-07-17 12:54:02,801 | INFO | Command: set -euo pipefail mkdir -p /nas/users/bing/Projects/nanopore_longread_metagenome_pipeline_v1.0/Result/qc/SRR29980983/nanoplot NanoPlot --fastq ../PRJNA1139951_gut_nanopore/Study/fastq/corn_soy_blend_control/526/SRR29980983_1.fastq.gz --threads 8 --outdir /nas/users/bing/Projects/nanopore_longread_metagenome_pipeline_v1.0/Result/qc/SRR29980983/nanoplot touch /nas/users/bing/Projects/nanopore_longread_metagenome_pipeline_v1.0/Result/qc/SRR29980983/nanoplot.done gzip -cd ../PRJNA1139951_gut_nanopore/Study/fastq/corn_soy_blend_control/526/SRR29980983_1.fastq.gz | chopper --minlength 1000 --quality 10.0 | gzip -c > /nas/users/bing/Projects/nanopore_longread_metagenome_pipeline_v1.0/Result/qc/SRR29980983/filtered.fastq.gz seqkit stats -T ../PRJNA1139951_gut_nanopore/Study/fastq/corn_soy_blend_control/526/SRR29980983_1.fastq.gz /nas/users/bing/Projects/nanopore_longread_metagenome_pipeline_v1.0/Result/qc/SRR29980983/filtered.fastq.gz > /nas/users/bing/Projects/nanopore_longread_metagenome_pipeline_v1.0/Result/qc/SRR29980983/seqkit_stats.tsv
2026-07-17 12:54:12,585 | ERROR | [SRR29980983] failed
Traceback (most recent call last):
  File "/nas/users/bing/Projects/nanopore_longread_metagenome_pipeline_v1.0/pipeline/cli.py", line 131, in main
    future.result()
  File "/home/bing/mambaforge/envs/nanopore_metagenome_core/lib/python3.11/concurrent/futures/_base.py", line 449, in result
    return self.__get_result()
           ^^^^^^^^^^^^^^^^^^^
  File "/home/bing/mambaforge/envs/nanopore_metagenome_core/lib/python3.11/concurrent/futures/_base.py", line 401, in __get_result
    raise self._exception
  File "/home/bing/mambaforge/envs/nanopore_metagenome_core/lib/python3.11/concurrent/futures/thread.py", line 58, in run
    result = self.fn(*self.args, **self.kwargs)
             ^^^^^^^^^^^^^^^^^^^^^^^^^^^^^^^^^^
  File "/nas/users/bing/Projects/nanopore_longread_metagenome_pipeline_v1.0/pipeline/cli.py", line 66, in run_sample
    STEPS[step](ctx, sample)
  File "/nas/users/bing/Projects/nanopore_longread_metagenome_pipeline_v1.0/pipeline/p00_qc.py", line 42, in run
    run_command(
  File "/nas/users/bing/Projects/nanopore_longread_metagenome_pipeline_v1.0/pipeline/utils.py", line 123, in run_command
    raise RuntimeError(
RuntimeError: Command failed with exit code 1. See: /nas/users/bing/Projects/nanopore_longread_metagenome_pipeline_v1.0/Logs/SRR29980983/p00_qc.log
2026-07-17 13:02:03,731 | INFO | Running 2 sample(s) with 2 parallel job(s)
2026-07-17 13:02:03,731 | INFO | === SRR29981005 ===
2026-07-17 13:02:03,732 | INFO | === SRR29981050 ===
2026-07-17 13:02:03,732 | INFO | [SRR29981005] --- qc ---
2026-07-17 13:02:03,733 | INFO | [SRR29981050] --- qc ---
2026-07-17 13:02:03,736 | INFO | Command: set -euo pipefail mkdir -p /nas/users/bing/Projects/nanopore_longread_metagenome_pipeline_v1.0/Result/qc/SRR29981005/nanoplot NanoPlot --fastq ../PRJNA1139951_gut_nanopore/Study/fastq/corn_soy_blend_control/526/SRR29981005_1.fastq.gz --threads 8 --outdir /nas/users/bing/Projects/nanopore_longread_metagenome_pipeline_v1.0/Result/qc/SRR29981005/nanoplot touch /nas/users/bing/Projects/nanopore_longread_metagenome_pipeline_v1.0/Result/qc/SRR29981005/nanoplot.done gzip -cd ../PRJNA1139951_gut_nanopore/Study/fastq/corn_soy_blend_control/526/SRR29981005_1.fastq.gz | chopper --minlength 1000 --quality 10.0 | gzip -c > /nas/users/bing/Projects/nanopore_longread_metagenome_pipeline_v1.0/Result/qc/SRR29981005/filtered.fastq.gz seqkit stats -T ../PRJNA1139951_gut_nanopore/Study/fastq/corn_soy_blend_control/526/SRR29981005_1.fastq.gz /nas/users/bing/Projects/nanopore_longread_metagenome_pipeline_v1.0/Result/qc/SRR29981005/filtered.fastq.gz > /nas/users/bing/Projects/nanopore_longread_metagenome_pipeline_v1.0/Result/qc/SRR29981005/seqkit_stats.tsv
2026-07-17 13:02:03,736 | INFO | Command: set -euo pipefail mkdir -p /nas/users/bing/Projects/nanopore_longread_metagenome_pipeline_v1.0/Result/qc/SRR29981050/nanoplot NanoPlot --fastq ../PRJNA1139951_gut_nanopore/Study/fastq/common_bean/549/SRR29981050_1.fastq.gz --threads 8 --outdir /nas/users/bing/Projects/nanopore_longread_metagenome_pipeline_v1.0/Result/qc/SRR29981050/nanoplot touch /nas/users/bing/Projects/nanopore_longread_metagenome_pipeline_v1.0/Result/qc/SRR29981050/nanoplot.done gzip -cd ../PRJNA1139951_gut_nanopore/Study/fastq/common_bean/549/SRR29981050_1.fastq.gz | chopper --minlength 1000 --quality 10.0 | gzip -c > /nas/users/bing/Projects/nanopore_longread_metagenome_pipeline_v1.0/Result/qc/SRR29981050/filtered.fastq.gz seqkit stats -T ../PRJNA1139951_gut_nanopore/Study/fastq/common_bean/549/SRR29981050_1.fastq.gz /nas/users/bing/Projects/nanopore_longread_metagenome_pipeline_v1.0/Result/qc/SRR29981050/filtered.fastq.gz > /nas/users/bing/Projects/nanopore_longread_metagenome_pipeline_v1.0/Result/qc/SRR29981050/seqkit_stats.tsv
2026-07-17 13:11:56,729 | INFO | Running 1 sample(s) with 1 parallel job(s)
2026-07-17 13:11:56,729 | INFO | === SRR29980969 ===
2026-07-17 13:11:56,729 | INFO | [SRR29980969] --- qc ---
2026-07-17 13:11:56,733 | INFO | Command: set -euo pipefail mkdir -p /nas/users/bing/Projects/nanopore_longread_metagenome_pipeline_v1.0/Result/qc/SRR29980969/nanoplot NanoPlot --fastq ../PRJNA1139951_gut_nanopore/Study/fastq/common_bean/798/SRR29980969_1.fastq.gz --threads 8 --outdir /nas/users/bing/Projects/nanopore_longread_metagenome_pipeline_v1.0/Result/qc/SRR29980969/nanoplot touch /nas/users/bing/Projects/nanopore_longread_metagenome_pipeline_v1.0/Result/qc/SRR29980969/nanoplot.done gzip -cd ../PRJNA1139951_gut_nanopore/Study/fastq/common_bean/798/SRR29980969_1.fastq.gz | chopper --minlength 1000 --quality 10.0 | gzip -c > /nas/users/bing/Projects/nanopore_longread_metagenome_pipeline_v1.0/Result/qc/SRR29980969/filtered.fastq.gz seqkit stats -T ../PRJNA1139951_gut_nanopore/Study/fastq/common_bean/798/SRR29980969_1.fastq.gz /nas/users/bing/Projects/nanopore_longread_metagenome_pipeline_v1.0/Result/qc/SRR29980969/filtered.fastq.gz > /nas/users/bing/Projects/nanopore_longread_metagenome_pipeline_v1.0/Result/qc/SRR29980969/seqkit_stats.tsv
2026-07-17 13:18:54,738 | INFO | [SRR29980969] completed
2026-07-17 13:18:54,739 | INFO | Pipeline completed
2026-07-17 13:20:44,588 | INFO | Running 19 sample(s) with 1 parallel job(s)
2026-07-17 13:20:44,588 | INFO | === SRR29981005 ===
2026-07-17 13:20:44,589 | INFO | [SRR29981005] --- host_removal ---
2026-07-17 13:21:02,369 | INFO | Running 1 sample(s) with 1 parallel job(s)
2026-07-17 13:21:02,369 | INFO | === SRR29980969 ===
2026-07-17 13:21:02,369 | INFO | [SRR29980969] --- host_removal ---
2026-07-17 13:38:36,567 | INFO | Running 1 sample(s) with 1 parallel job(s)
2026-07-17 13:38:36,568 | INFO | === SRR29980969 ===
2026-07-17 13:38:36,568 | INFO | [SRR29980969] --- host_removal ---
2026-07-17 13:40:29,045 | INFO | Running 1 sample(s) with 1 parallel job(s)
2026-07-17 13:40:29,045 | INFO | === SRR29980969 ===
2026-07-17 13:40:29,045 | INFO | [SRR29980969] --- host_removal ---
2026-07-17 13:40:29,049 | INFO | Command: set -euo pipefail minimap2 -ax map-ont -t 24 database/T2T-CHM13v2.0.mmi /nas/users/bing/Projects/nanopore_longread_metagenome_pipeline_v1.0/Result/qc/SRR29980969/filtered.fastq.gz | samtools sort -@ 4 -o /nas/users/bing/Projects/nanopore_longread_metagenome_pipeline_v1.0/Result/host_removed/SRR29980969.host.bam samtools fastq -@ 4 -f 4 /nas/users/bing/Projects/nanopore_longread_metagenome_pipeline_v1.0/Result/host_removed/SRR29980969.host.bam | gzip -c > /nas/users/bing/Projects/nanopore_longread_metagenome_pipeline_v1.0/Result/host_removed/SRR29980969.nonhost.fastq.gz printf 'sample\ttotal_alignments\tunmapped_alignments\n' > /nas/users/bing/Projects/nanopore_longread_metagenome_pipeline_v1.0/Result/host_removed/SRR29980969.host_stats.tsv printf 'SRR29980969\t%s\t%s\n' "$(samtools view -c /nas/users/bing/Projects/nanopore_longread_metagenome_pipeline_v1.0/Result/host_removed/SRR29980969.host.bam)" "$(samtools view -c -f 4 /nas/users/bing/Projects/nanopore_longread_metagenome_pipeline_v1.0/Result/host_removed/SRR29980969.host.bam)" >> /nas/users/bing/Projects/nanopore_longread_metagenome_pipeline_v1.0/Result/host_removed/SRR29980969.host_stats.tsv
2026-07-17 13:40:29,049 | INFO | [SRR29980969] completed
2026-07-17 13:40:29,049 | INFO | Pipeline completed
2026-07-17 13:40:35,478 | INFO | Running 1 sample(s) with 1 parallel job(s)
2026-07-17 13:40:35,478 | INFO | === SRR29980969 ===
2026-07-17 13:40:35,479 | INFO | [SRR29980969] --- host_removal ---
2026-07-17 13:40:35,480 | INFO | Command: set -euo pipefail minimap2 -ax map-ont -t 24 database/T2T-CHM13v2.0.mmi /nas/users/bing/Projects/nanopore_longread_metagenome_pipeline_v1.0/Result/qc/SRR29980969/filtered.fastq.gz | samtools sort -@ 4 -o /nas/users/bing/Projects/nanopore_longread_metagenome_pipeline_v1.0/Result/host_removed/SRR29980969.host.bam samtools fastq -@ 4 -f 4 /nas/users/bing/Projects/nanopore_longread_metagenome_pipeline_v1.0/Result/host_removed/SRR29980969.host.bam | gzip -c > /nas/users/bing/Projects/nanopore_longread_metagenome_pipeline_v1.0/Result/host_removed/SRR29980969.nonhost.fastq.gz printf 'sample\ttotal_alignments\tunmapped_alignments\n' > /nas/users/bing/Projects/nanopore_longread_metagenome_pipeline_v1.0/Result/host_removed/SRR29980969.host_stats.tsv printf 'SRR29980969\t%s\t%s\n' "$(samtools view -c /nas/users/bing/Projects/nanopore_longread_metagenome_pipeline_v1.0/Result/host_removed/SRR29980969.host.bam)" "$(samtools view -c -f 4 /nas/users/bing/Projects/nanopore_longread_metagenome_pipeline_v1.0/Result/host_removed/SRR29980969.host.bam)" >> /nas/users/bing/Projects/nanopore_longread_metagenome_pipeline_v1.0/Result/host_removed/SRR29980969.host_stats.tsv
2026-07-17 13:46:34,034 | INFO | [SRR29980969] completed
2026-07-17 13:46:34,034 | INFO | Pipeline completed
2026-07-17 13:50:26,205 | INFO | Running 1 sample(s) with 1 parallel job(s)
2026-07-17 13:50:26,205 | INFO | === SRR29980969 ===
2026-07-17 13:50:26,205 | INFO | [SRR29980969] --- taxonomy ---
2026-07-17 14:55:11,037 | INFO | Running 1 sample(s) with 1 parallel job(s)
2026-07-17 14:55:11,037 | INFO | === SRR29980969 ===
2026-07-17 14:55:11,038 | INFO | [SRR29980969] --- taxonomy ---
2026-07-17 14:55:47,892 | INFO | Running 1 sample(s) with 1 parallel job(s)
2026-07-17 14:55:47,892 | INFO | === SRR29980969 ===
2026-07-17 14:55:47,892 | INFO | [SRR29980969] --- taxonomy ---
2026-07-17 14:55:47,894 | INFO | Command: set -euo pipefail kraken2 --db database/kraken2/standard_16_20260626 --threads 24 --gzip-compressed --report /nas/users/bing/Projects/nanopore_longread_metagenome_pipeline_v1.0/Result/taxonomy/SRR29980969.kraken.report --output /nas/users/bing/Projects/nanopore_longread_metagenome_pipeline_v1.0/Result/taxonomy/SRR29980969.kraken.out /nas/users/bing/Projects/nanopore_longread_metagenome_pipeline_v1.0/Result/host_removed/SRR29980969.nonhost.fastq.gz bracken -d database/kraken2/standard_16_20260626 -i /nas/users/bing/Projects/nanopore_longread_metagenome_pipeline_v1.0/Result/taxonomy/SRR29980969.kraken.report -o /nas/users/bing/Projects/nanopore_longread_metagenome_pipeline_v1.0/Result/taxonomy/SRR29980969.bracken.S.tsv -r 1000 -l S
2026-07-17 14:55:47,894 | INFO | [SRR29980969] completed
2026-07-17 14:55:47,894 | INFO | Pipeline completed
2026-07-17 14:55:52,442 | INFO | Running 1 sample(s) with 1 parallel job(s)
2026-07-17 14:55:52,442 | INFO | === SRR29980969 ===
2026-07-17 14:55:52,442 | INFO | [SRR29980969] --- taxonomy ---
2026-07-17 14:55:52,444 | INFO | Command: set -euo pipefail kraken2 --db database/kraken2/standard_16_20260626 --threads 24 --gzip-compressed --report /nas/users/bing/Projects/nanopore_longread_metagenome_pipeline_v1.0/Result/taxonomy/SRR29980969.kraken.report --output /nas/users/bing/Projects/nanopore_longread_metagenome_pipeline_v1.0/Result/taxonomy/SRR29980969.kraken.out /nas/users/bing/Projects/nanopore_longread_metagenome_pipeline_v1.0/Result/host_removed/SRR29980969.nonhost.fastq.gz bracken -d database/kraken2/standard_16_20260626 -i /nas/users/bing/Projects/nanopore_longread_metagenome_pipeline_v1.0/Result/taxonomy/SRR29980969.kraken.report -o /nas/users/bing/Projects/nanopore_longread_metagenome_pipeline_v1.0/Result/taxonomy/SRR29980969.bracken.S.tsv -r 1000 -l S
2026-07-17 15:02:42,313 | INFO | Running 1 sample(s) with 1 parallel job(s)
2026-07-17 15:02:42,314 | INFO | === SRR29980969 ===
2026-07-17 15:02:42,314 | INFO | [SRR29980969] --- taxonomy ---
2026-07-17 15:02:42,319 | INFO | Command: set -euo pipefail kraken2 --db database/kraken2/standard_16_20260626 --threads 24 --gzip-compressed --report /nas/users/bing/Projects/nanopore_longread_metagenome_pipeline_v1.0/Result/taxonomy/SRR29980969.kraken.report --output /nas/users/bing/Projects/nanopore_longread_metagenome_pipeline_v1.0/Result/taxonomy/SRR29980969.kraken.out /nas/users/bing/Projects/nanopore_longread_metagenome_pipeline_v1.0/Result/host_removed/SRR29980969.nonhost.fastq.gz bracken -d database/kraken2/standard_16_20260626 -i /nas/users/bing/Projects/nanopore_longread_metagenome_pipeline_v1.0/Result/taxonomy/SRR29980969.kraken.report -o /nas/users/bing/Projects/nanopore_longread_metagenome_pipeline_v1.0/Result/taxonomy/SRR29980969.bracken.S.tsv -r 300 -l S
2026-07-17 15:03:20,584 | INFO | [SRR29980969] completed
2026-07-17 15:03:20,584 | INFO | Pipeline completed
2026-07-17 15:07:24,513 | INFO | Running 1 sample(s) with 1 parallel job(s)
2026-07-17 15:07:24,513 | INFO | === SRR29980969 ===
2026-07-17 15:07:24,513 | INFO | [SRR29980969] --- assembly ---
2026-07-17 15:07:24,518 | INFO | Command: set -euo pipefail flye --nano-hq /nas/users/bing/Projects/nanopore_longread_metagenome_pipeline_v1.0/Result/host_removed/SRR29980969.nonhost.fastq.gz --meta --threads 48 --out-dir /nas/users/bing/Projects/nanopore_longread_metagenome_pipeline_v1.0/Result/assembly/SRR29980969
2026-07-17 15:07:24,518 | INFO | [SRR29980969] completed
2026-07-17 15:07:24,518 | INFO | Pipeline completed
2026-07-17 15:07:29,729 | INFO | Running 1 sample(s) with 1 parallel job(s)
2026-07-17 15:07:29,729 | INFO | === SRR29980969 ===
2026-07-17 15:07:29,729 | INFO | [SRR29980969] --- assembly ---
2026-07-17 15:07:29,731 | INFO | Command: set -euo pipefail flye --nano-hq /nas/users/bing/Projects/nanopore_longread_metagenome_pipeline_v1.0/Result/host_removed/SRR29980969.nonhost.fastq.gz --meta --threads 48 --out-dir /nas/users/bing/Projects/nanopore_longread_metagenome_pipeline_v1.0/Result/assembly/SRR29980969
2026-07-17 15:22:45,451 | INFO | [SRR29980969] completed
2026-07-17 15:22:45,451 | INFO | Pipeline completed
2026-07-17 15:29:38,752 | INFO | Running 19 sample(s) with 1 parallel job(s)
2026-07-17 15:29:38,753 | INFO | === SRR29981005 ===
2026-07-17 15:29:38,753 | INFO | [SRR29981005] --- qc ---
2026-07-17 15:29:38,756 | INFO | Command: set -euo pipefail mkdir -p /nas/users/bing/Projects/nanopore_longread_metagenome_pipeline_v1.0/Result/qc/SRR29981005/nanoplot NanoPlot --fastq ../PRJNA1139951_gut_nanopore/Study/fastq/corn_soy_blend_control/526/SRR29981005_1.fastq.gz --threads 8 --outdir /nas/users/bing/Projects/nanopore_longread_metagenome_pipeline_v1.0/Result/qc/SRR29981005/nanoplot touch /nas/users/bing/Projects/nanopore_longread_metagenome_pipeline_v1.0/Result/qc/SRR29981005/nanoplot.done gzip -cd ../PRJNA1139951_gut_nanopore/Study/fastq/corn_soy_blend_control/526/SRR29981005_1.fastq.gz | chopper --minlength 1000 --quality 10.0 | gzip -c > /nas/users/bing/Projects/nanopore_longread_metagenome_pipeline_v1.0/Result/qc/SRR29981005/filtered.fastq.gz seqkit stats -T ../PRJNA1139951_gut_nanopore/Study/fastq/corn_soy_blend_control/526/SRR29981005_1.fastq.gz /nas/users/bing/Projects/nanopore_longread_metagenome_pipeline_v1.0/Result/qc/SRR29981005/filtered.fastq.gz > /nas/users/bing/Projects/nanopore_longread_metagenome_pipeline_v1.0/Result/qc/SRR29981005/seqkit_stats.tsv
2026-07-17 15:30:04,379 | INFO | Running 1 sample(s) with 1 parallel job(s)
2026-07-17 15:30:04,379 | INFO | === SRR29980969 ===
2026-07-17 15:30:04,379 | INFO | [SRR29980969] --- read_mapping ---
2026-07-17 15:30:04,381 | INFO | Command: set -euo pipefail minimap2 -ax map-ont -t 24 /nas/users/bing/Projects/nanopore_longread_metagenome_pipeline_v1.0/Result/assembly/SRR29980969/assembly.fasta /nas/users/bing/Projects/nanopore_longread_metagenome_pipeline_v1.0/Result/host_removed/SRR29980969.nonhost.fastq.gz | samtools sort -@ 4 -o /nas/users/bing/Projects/nanopore_longread_metagenome_pipeline_v1.0/Result/assembly/SRR29980969/reads_to_contigs.bam samtools index /nas/users/bing/Projects/nanopore_longread_metagenome_pipeline_v1.0/Result/assembly/SRR29980969/reads_to_contigs.bam samtools coverage /nas/users/bing/Projects/nanopore_longread_metagenome_pipeline_v1.0/Result/assembly/SRR29980969/reads_to_contigs.bam > /nas/users/bing/Projects/nanopore_longread_metagenome_pipeline_v1.0/Result/assembly/SRR29980969/contig_coverage.tsv
2026-07-17 15:30:04,381 | INFO | [SRR29980969] completed
2026-07-17 15:30:04,382 | INFO | Pipeline completed
2026-07-17 15:30:08,606 | INFO | Running 1 sample(s) with 1 parallel job(s)
2026-07-17 15:30:08,606 | INFO | === SRR29980969 ===
2026-07-17 15:30:08,606 | INFO | [SRR29980969] --- read_mapping ---
2026-07-17 15:30:08,607 | INFO | Command: set -euo pipefail minimap2 -ax map-ont -t 24 /nas/users/bing/Projects/nanopore_longread_metagenome_pipeline_v1.0/Result/assembly/SRR29980969/assembly.fasta /nas/users/bing/Projects/nanopore_longread_metagenome_pipeline_v1.0/Result/host_removed/SRR29980969.nonhost.fastq.gz | samtools sort -@ 4 -o /nas/users/bing/Projects/nanopore_longread_metagenome_pipeline_v1.0/Result/assembly/SRR29980969/reads_to_contigs.bam samtools index /nas/users/bing/Projects/nanopore_longread_metagenome_pipeline_v1.0/Result/assembly/SRR29980969/reads_to_contigs.bam samtools coverage /nas/users/bing/Projects/nanopore_longread_metagenome_pipeline_v1.0/Result/assembly/SRR29980969/reads_to_contigs.bam > /nas/users/bing/Projects/nanopore_longread_metagenome_pipeline_v1.0/Result/assembly/SRR29980969/contig_coverage.tsv
2026-07-17 15:31:50,876 | INFO | [SRR29980969] completed
2026-07-17 15:31:50,877 | INFO | Pipeline completed
2026-07-17 15:32:23,952 | INFO | Running 1 sample(s) with 1 parallel job(s)
2026-07-17 15:32:23,952 | INFO | === SRR29980969 ===
2026-07-17 15:32:23,952 | INFO | [SRR29980969] --- binning ---
2026-07-17 15:47:11,530 | INFO | Running 1 sample(s) with 1 parallel job(s)
2026-07-17 15:47:11,530 | INFO | === SRR29980969 ===
2026-07-17 15:47:11,530 | INFO | [SRR29980969] --- binning ---
2026-07-17 15:49:15,573 | INFO | Running 1 sample(s) with 1 parallel job(s)
2026-07-17 15:49:15,573 | INFO | === SRR29980969 ===
2026-07-17 15:49:15,573 | INFO | [SRR29980969] --- binning ---
2026-07-17 15:52:14,945 | INFO | Running 1 sample(s) with 1 parallel job(s)
2026-07-17 15:52:14,945 | INFO | === SRR29980969 ===
2026-07-17 15:52:14,945 | INFO | [SRR29980969] --- binning ---
2026-07-17 15:57:35,914 | INFO | Running 1 sample(s) with 1 parallel job(s)
2026-07-17 15:57:35,914 | INFO | === SRR29980969 ===
2026-07-17 15:57:35,914 | INFO | [SRR29980969] --- binning ---
2026-07-17 15:57:35,917 | INFO | Command: set -euo pipefail mkdir -p /nas/users/bing/Projects/nanopore_longread_metagenome_pipeline_v1.0/Result/binning/SRR29980969/semibin2 SemiBin2 single_easy_bin -i /nas/users/bing/Projects/nanopore_longread_metagenome_pipeline_v1.0/Result/assembly/SRR29980969/assembly.fasta -b /nas/users/bing/Projects/nanopore_longread_metagenome_pipeline_v1.0/Result/assembly/SRR29980969/reads_to_contigs.bam -o /nas/users/bing/Projects/nanopore_longread_metagenome_pipeline_v1.0/Result/binning/SRR29980969/semibin2 --sequencing-type long_read --threads 24 touch /nas/users/bing/Projects/nanopore_longread_metagenome_pipeline_v1.0/Result/binning/SRR29980969/semibin2/.completed
2026-07-17 16:05:59,829 | INFO | [SRR29980969] completed
2026-07-17 16:05:59,830 | INFO | Pipeline completed
2026-07-17 19:05:30,028 | INFO | Running 1 sample(s) with 1 parallel job(s)
2026-07-17 19:05:30,028 | INFO | === SRR29980969 ===
2026-07-17 19:05:30,029 | INFO | [SRR29980969] --- bin_quality ---
2026-07-17 19:16:19,963 | INFO | Running 1 sample(s) with 1 parallel job(s)
2026-07-17 19:16:19,964 | INFO | === SRR29980969 ===
2026-07-17 19:16:19,964 | INFO | [SRR29980969] --- bin_quality ---
2026-07-17 19:24:31,248 | INFO | Running 1 sample(s) with 1 parallel job(s)
2026-07-17 19:24:31,249 | INFO | === SRR29980969 ===
2026-07-17 19:24:31,249 | INFO | [SRR29980969] --- bin_quality ---
2026-07-17 19:24:31,253 | INFO | Command: set -euo pipefail mkdir -p /nas/users/bing/Projects/nanopore_longread_metagenome_pipeline_v1.0/Result/bin_quality/SRR29980969/input_bins /nas/users/bing/Projects/nanopore_longread_metagenome_pipeline_v1.0/Result/bin_quality/SRR29980969/checkm2 # Remove stale decompressed bins from a previous run. find /nas/users/bing/Projects/nanopore_longread_metagenome_pipeline_v1.0/Result/bin_quality/SRR29980969/input_bins -maxdepth 1 -type f \( -name '*.fa' -o -name '*.fasta' -o -name '*.fna' \) -delete # SemiBin2 normally produces compressed FASTA files. found=0 for src in /nas/users/bing/Projects/nanopore_longread_metagenome_pipeline_v1.0/Result/binning/SRR29980969/semibin2/output_bins/*.fa.gz /nas/users/bing/Projects/nanopore_longread_metagenome_pipeline_v1.0/Result/binning/SRR29980969/semibin2/output_bins/*.fasta.gz /nas/users/bing/Projects/nanopore_longread_metagenome_pipeline_v1.0/Result/binning/SRR29980969/semibin2/output_bins/*.fna.gz; do [ -e "$src" ] || continue found=1 name=$(basename "$src" .gz) gzip -dc "$src" > /nas/users/bing/Projects/nanopore_longread_metagenome_pipeline_v1.0/Result/bin_quality/SRR29980969/input_bins/"$name" done # Also accept uncompressed FASTA files. for src in /nas/users/bing/Projects/nanopore_longread_metagenome_pipeline_v1.0/Result/binning/SRR29980969/semibin2/output_bins/*.fa /nas/users/bing/Projects/nanopore_longread_metagenome_pipeline_v1.0/Result/binning/SRR29980969/semibin2/output_bins/*.fasta /nas/users/bing/Projects/nanopore_longread_metagenome_pipeline_v1.0/Result/binning/SRR29980969/semibin2/output_bins/*.fna; do [ -e "$src" ] || continue found=1 cp "$src" /nas/users/bing/Projects/nanopore_longread_metagenome_pipeline_v1.0/Result/bin_quality/SRR29980969/input_bins/ done if [ "$found" -eq 0 ]; then echo "No bin FASTA files found in /nas/users/bing/Projects/nanopore_longread_metagenome_pipeline_v1.0/Result/binning/SRR29980969/semibin2/output_bins" >&2 exit 1 fi checkm2 predict --input /nas/users/bing/Projects/nanopore_longread_metagenome_pipeline_v1.0/Result/bin_quality/SRR29980969/input_bins --output-directory /nas/users/bing/Projects/nanopore_longread_metagenome_pipeline_v1.0/Result/bin_quality/SRR29980969/checkm2 --threads 24 --database_path database/checkm2 --extension fa --force
2026-07-17 19:25:29,178 | INFO | Running 1 sample(s) with 1 parallel job(s)
2026-07-17 19:25:29,179 | INFO | === SRR29980969 ===
2026-07-17 19:25:29,179 | INFO | [SRR29980969] --- bin_quality ---
2026-07-17 19:25:29,181 | INFO | Command: set -euo pipefail mkdir -p /nas/users/bing/Projects/nanopore_longread_metagenome_pipeline_v1.0/Result/bin_quality/SRR29980969/input_bins /nas/users/bing/Projects/nanopore_longread_metagenome_pipeline_v1.0/Result/bin_quality/SRR29980969/checkm2 # Remove stale decompressed bins from a previous run. find /nas/users/bing/Projects/nanopore_longread_metagenome_pipeline_v1.0/Result/bin_quality/SRR29980969/input_bins -maxdepth 1 -type f \( -name '*.fa' -o -name '*.fasta' -o -name '*.fna' \) -delete # SemiBin2 normally produces compressed FASTA files. found=0 for src in /nas/users/bing/Projects/nanopore_longread_metagenome_pipeline_v1.0/Result/binning/SRR29980969/semibin2/output_bins/*.fa.gz /nas/users/bing/Projects/nanopore_longread_metagenome_pipeline_v1.0/Result/binning/SRR29980969/semibin2/output_bins/*.fasta.gz /nas/users/bing/Projects/nanopore_longread_metagenome_pipeline_v1.0/Result/binning/SRR29980969/semibin2/output_bins/*.fna.gz; do [ -e "$src" ] || continue found=1 name=$(basename "$src" .gz) gzip -dc "$src" > /nas/users/bing/Projects/nanopore_longread_metagenome_pipeline_v1.0/Result/bin_quality/SRR29980969/input_bins/"$name" done # Also accept uncompressed FASTA files. for src in /nas/users/bing/Projects/nanopore_longread_metagenome_pipeline_v1.0/Result/binning/SRR29980969/semibin2/output_bins/*.fa /nas/users/bing/Projects/nanopore_longread_metagenome_pipeline_v1.0/Result/binning/SRR29980969/semibin2/output_bins/*.fasta /nas/users/bing/Projects/nanopore_longread_metagenome_pipeline_v1.0/Result/binning/SRR29980969/semibin2/output_bins/*.fna; do [ -e "$src" ] || continue found=1 cp "$src" /nas/users/bing/Projects/nanopore_longread_metagenome_pipeline_v1.0/Result/bin_quality/SRR29980969/input_bins/ done if [ "$found" -eq 0 ]; then echo "No bin FASTA files found in /nas/users/bing/Projects/nanopore_longread_metagenome_pipeline_v1.0/Result/binning/SRR29980969/semibin2/output_bins" >&2 exit 1 fi checkm2 predict --input /nas/users/bing/Projects/nanopore_longread_metagenome_pipeline_v1.0/Result/bin_quality/SRR29980969/input_bins --output-directory /nas/users/bing/Projects/nanopore_longread_metagenome_pipeline_v1.0/Result/bin_quality/SRR29980969/checkm2 --threads 24 --database_path database/checkm2/CheckM2_database --extension fa --force
2026-07-17 19:26:48,714 | INFO | Running 1 sample(s) with 1 parallel job(s)
2026-07-17 19:26:48,714 | INFO | === SRR29980969 ===
2026-07-17 19:26:48,715 | INFO | [SRR29980969] --- bin_quality ---
2026-07-17 19:26:48,718 | INFO | Command: set -euo pipefail mkdir -p /nas/users/bing/Projects/nanopore_longread_metagenome_pipeline_v1.0/Result/bin_quality/SRR29980969/input_bins /nas/users/bing/Projects/nanopore_longread_metagenome_pipeline_v1.0/Result/bin_quality/SRR29980969/checkm2 # Remove stale decompressed bins from a previous run. find /nas/users/bing/Projects/nanopore_longread_metagenome_pipeline_v1.0/Result/bin_quality/SRR29980969/input_bins -maxdepth 1 -type f \( -name '*.fa' -o -name '*.fasta' -o -name '*.fna' \) -delete # SemiBin2 normally produces compressed FASTA files. found=0 for src in /nas/users/bing/Projects/nanopore_longread_metagenome_pipeline_v1.0/Result/binning/SRR29980969/semibin2/output_bins/*.fa.gz /nas/users/bing/Projects/nanopore_longread_metagenome_pipeline_v1.0/Result/binning/SRR29980969/semibin2/output_bins/*.fasta.gz /nas/users/bing/Projects/nanopore_longread_metagenome_pipeline_v1.0/Result/binning/SRR29980969/semibin2/output_bins/*.fna.gz; do [ -e "$src" ] || continue found=1 name=$(basename "$src" .gz) gzip -dc "$src" > /nas/users/bing/Projects/nanopore_longread_metagenome_pipeline_v1.0/Result/bin_quality/SRR29980969/input_bins/"$name" done # Also accept uncompressed FASTA files. for src in /nas/users/bing/Projects/nanopore_longread_metagenome_pipeline_v1.0/Result/binning/SRR29980969/semibin2/output_bins/*.fa /nas/users/bing/Projects/nanopore_longread_metagenome_pipeline_v1.0/Result/binning/SRR29980969/semibin2/output_bins/*.fasta /nas/users/bing/Projects/nanopore_longread_metagenome_pipeline_v1.0/Result/binning/SRR29980969/semibin2/output_bins/*.fna; do [ -e "$src" ] || continue found=1 cp "$src" /nas/users/bing/Projects/nanopore_longread_metagenome_pipeline_v1.0/Result/bin_quality/SRR29980969/input_bins/ done if [ "$found" -eq 0 ]; then echo "No bin FASTA files found in /nas/users/bing/Projects/nanopore_longread_metagenome_pipeline_v1.0/Result/binning/SRR29980969/semibin2/output_bins" >&2 exit 1 fi checkm2 predict --input /nas/users/bing/Projects/nanopore_longread_metagenome_pipeline_v1.0/Result/bin_quality/SRR29980969/input_bins --output-directory /nas/users/bing/Projects/nanopore_longread_metagenome_pipeline_v1.0/Result/bin_quality/SRR29980969/checkm2 --threads 24 --database_path database/checkm2/CheckM2_database/uniref100.KO.1.dmnd --extension fa --force
2026-07-17 19:27:04,573 | INFO | Running 1 sample(s) with 1 parallel job(s)
2026-07-17 19:27:04,573 | INFO | === SRR29980969 ===
2026-07-17 19:27:04,573 | INFO | [SRR29980969] --- bin_quality ---
2026-07-17 19:27:04,575 | INFO | Command: set -euo pipefail mkdir -p /nas/users/bing/Projects/nanopore_longread_metagenome_pipeline_v1.0/Result/bin_quality/SRR29980969/input_bins /nas/users/bing/Projects/nanopore_longread_metagenome_pipeline_v1.0/Result/bin_quality/SRR29980969/checkm2 # Remove stale decompressed bins from a previous run. find /nas/users/bing/Projects/nanopore_longread_metagenome_pipeline_v1.0/Result/bin_quality/SRR29980969/input_bins -maxdepth 1 -type f \( -name '*.fa' -o -name '*.fasta' -o -name '*.fna' \) -delete # SemiBin2 normally produces compressed FASTA files. found=0 for src in /nas/users/bing/Projects/nanopore_longread_metagenome_pipeline_v1.0/Result/binning/SRR29980969/semibin2/output_bins/*.fa.gz /nas/users/bing/Projects/nanopore_longread_metagenome_pipeline_v1.0/Result/binning/SRR29980969/semibin2/output_bins/*.fasta.gz /nas/users/bing/Projects/nanopore_longread_metagenome_pipeline_v1.0/Result/binning/SRR29980969/semibin2/output_bins/*.fna.gz; do [ -e "$src" ] || continue found=1 name=$(basename "$src" .gz) gzip -dc "$src" > /nas/users/bing/Projects/nanopore_longread_metagenome_pipeline_v1.0/Result/bin_quality/SRR29980969/input_bins/"$name" done # Also accept uncompressed FASTA files. for src in /nas/users/bing/Projects/nanopore_longread_metagenome_pipeline_v1.0/Result/binning/SRR29980969/semibin2/output_bins/*.fa /nas/users/bing/Projects/nanopore_longread_metagenome_pipeline_v1.0/Result/binning/SRR29980969/semibin2/output_bins/*.fasta /nas/users/bing/Projects/nanopore_longread_metagenome_pipeline_v1.0/Result/binning/SRR29980969/semibin2/output_bins/*.fna; do [ -e "$src" ] || continue found=1 cp "$src" /nas/users/bing/Projects/nanopore_longread_metagenome_pipeline_v1.0/Result/bin_quality/SRR29980969/input_bins/ done if [ "$found" -eq 0 ]; then echo "No bin FASTA files found in /nas/users/bing/Projects/nanopore_longread_metagenome_pipeline_v1.0/Result/binning/SRR29980969/semibin2/output_bins" >&2 exit 1 fi checkm2 predict --input /nas/users/bing/Projects/nanopore_longread_metagenome_pipeline_v1.0/Result/bin_quality/SRR29980969/input_bins --output-directory /nas/users/bing/Projects/nanopore_longread_metagenome_pipeline_v1.0/Result/bin_quality/SRR29980969/checkm2 --threads 24 --database_path database/checkm2/CheckM2_database/uniref100.KO.1.dmnd --extension fa --force
2026-07-17 19:28:38,262 | INFO | [SRR29980969] completed
2026-07-17 19:28:38,263 | INFO | Pipeline completed
2026-07-17 19:31:06,355 | INFO | Running 19 sample(s) with 1 parallel job(s)
2026-07-17 19:31:06,355 | INFO | === SRR29981005 ===
2026-07-17 19:31:06,355 | INFO | [SRR29981005] --- qc ---
2026-07-17 19:34:49,525 | INFO | Running 1 sample(s) with 1 parallel job(s)
2026-07-17 19:34:49,525 | INFO | === SRR29980969 ===
2026-07-17 19:34:49,525 | INFO | [SRR29980969] --- annotation ---
2026-07-17 19:35:05,955 | INFO | Running 1 sample(s) with 1 parallel job(s)
2026-07-17 19:35:05,955 | INFO | === SRR29980969 ===
2026-07-17 19:35:05,955 | INFO | [SRR29980969] --- annotation ---
2026-07-17 19:45:48,785 | INFO | Running 1 sample(s) with 1 parallel job(s)
2026-07-17 19:45:48,785 | INFO | === SRR29980969 ===
2026-07-17 19:45:48,785 | INFO | [SRR29980969] --- annotation ---
2026-07-17 19:46:12,896 | INFO | Running 1 sample(s) with 1 parallel job(s)
2026-07-17 19:46:12,896 | INFO | === SRR29980969 ===
2026-07-17 19:46:12,896 | INFO | [SRR29980969] --- gtdbtk ---
