Traceback (most recent call last):
  File "/home/bing/mambaforge/envs/nanopore_metagenome_core/bin/NanoPlot", line 6, in <module>
    from nanoplot.NanoPlot import main
  File "/home/bing/mambaforge/envs/nanopore_metagenome_core/lib/python3.11/site-packages/nanoplot/NanoPlot.py", line 17, in <module>
    from scipy import stats
  File "<frozen importlib._bootstrap>", line 1229, in _handle_fromlist
  File "/home/bing/mambaforge/envs/nanopore_metagenome_core/lib/python3.11/site-packages/scipy/__init__.py", line 131, in __getattr__
    return _importlib.import_module(f'scipy.{name}')
           ^^^^^^^^^^^^^^^^^^^^^^^^^^^^^^^^^^^^^^^^^
  File "/home/bing/mambaforge/envs/nanopore_metagenome_core/lib/python3.11/importlib/__init__.py", line 126, in import_module
    return _bootstrap._gcd_import(name[level:], package, level)
           ^^^^^^^^^^^^^^^^^^^^^^^^^^^^^^^^^^^^^^^^^^^^^^^^^^^^
  File "/home/bing/mambaforge/envs/nanopore_metagenome_core/lib/python3.11/site-packages/scipy/stats/__init__.py", line 631, in <module>
    from ._morestats import *
  File "/home/bing/mambaforge/envs/nanopore_metagenome_core/lib/python3.11/site-packages/scipy/stats/_morestats.py", line 3717, in <module>
    @_axis_nan_policy_factory(
     ^^^^^^^^^^^^^^^^^^^^^^^^^
  File "/home/bing/mambaforge/envs/nanopore_metagenome_core/lib/python3.11/site-packages/scipy/stats/_axis_nan_policy.py", line 682, in axis_nan_policy_decorator
    doc = FunctionDoc(axis_nan_policy_wrapper)
          ^^^^^^^^^^^^^^^^^^^^^^^^^^^^^^^^^^^^
  File "/home/bing/mambaforge/envs/nanopore_metagenome_core/lib/python3.11/site-packages/scipy/_lib/_docscrape.py", line 589, in __init__
    NumpyDocString.__init__(self, doc, config)
  File "/home/bing/mambaforge/envs/nanopore_metagenome_core/lib/python3.11/site-packages/scipy/_lib/_docscrape.py", line 142, in __init__
    docstring = textwrap.dedent(docstring).split("\n")
                ^^^^^^^^^^^^^^^^^^^^^^^^^^
  File "/home/bing/mambaforge/envs/nanopore_metagenome_core/lib/python3.11/textwrap.py", line 435, in dedent
    text = _whitespace_only_re.sub('', text)
           ^^^^^^^^^^^^^^^^^^^^^^^^^^^^^^^^^
KeyboardInterrupt
