Kept 210736 reads out of 313620 reads
processed files:  0 / 2 [------] ETA: 0s
[1A[Jprocessed files:  0 / 2 [------] ETA: 0s
[1A[Jprocessed files:  0 / 2 [------] ETA: 0s
[1A[Jprocessed files:  0 / 2 [------] ETA: 0s
[1A[Jprocessed files:  0 / 2 [------] ETA: 0s
[1A[Jprocessed files:  0 / 2 [------] ETA: 0s
[1A[Jprocessed files:  0 / 2 [------] ETA: 0s
[1A[Jprocessed files:  0 / 2 [------] ETA: 0s
[1A[Jprocessed files:  0 / 2 [------] ETA: 0s
[1A[Jprocessed files:  0 / 2 [------] ETA: 0s
[1A[Jprocessed files:  0 / 2 [------] ETA: 0s
[1A[Jprocessed files:  0 / 2 [------] ETA: 0s
[1A[Jprocessed files:  0 / 2 [------] ETA: 0s
[1A[Jprocessed files:  0 / 2 [------] ETA: 0s
[1A[Jprocessed files:  0 / 2 [------] ETA: 0s
[1A[Jprocessed files:  0 / 2 [------] ETA: 0s
[1A[Jprocessed files:  0 / 2 [------] ETA: 0s
[1A[Jprocessed files:  0 / 2 [------] ETA: 0s
[1A[Jprocessed files:  0 / 2 [------] ETA: 0s
[1A[Jprocessed files:  0 / 2 [------] ETA: 0s
[1A[Jprocessed files:  0 / 2 [------] ETA: 0s
[1A[Jprocessed files:  0 / 2 [------] ETA: 0s
[1A[Jprocessed files:  0 / 2 [------] ETA: 0s
[1A[Jprocessed files:  0 / 2 [------] ETA: 0s
[1A[Jprocessed files:  0 / 2 [------] ETA: 0s
[1A[Jprocessed files:  0 / 2 [------] ETA: 0s
[1A[Jprocessed files:  0 / 2 [------] ETA: 0s
[1A[Jprocessed files:  0 / 2 [------] ETA: 0s
[1A[Jprocessed files:  0 / 2 [------] ETA: 0s
[1A[Jprocessed files:  0 / 2 [------] ETA: 0s
[1A[Jprocessed files:  0 / 2 [------] ETA: 0s
[1A[Jprocessed files:  0 / 2 [------] ETA: 0s
[1A[Jprocessed files:  0 / 2 [------] ETA: 0s
[1A[Jprocessed files:  0 / 2 [------] ETA: 0s
[1A[Jprocessed files:  0 / 2 [------] ETA: 0s
[1A[Jprocessed files:  0 / 2 [------] ETA: 0s
[1A[Jprocessed files:  0 / 2 [------] ETA: 0s
[1A[Jprocessed files:  0 / 2 [------] ETA: 0s
[1A[Jprocessed files:  0 / 2 [------] ETA: 0s
[1A[Jprocessed files:  0 / 2 [------] ETA: 0s
[1A[Jprocessed files:  0 / 2 [------] ETA: 0s
[1A[Jprocessed files:  0 / 2 [------] ETA: 0s
[1A[Jprocessed files:  0 / 2 [------] ETA: 0s
[1A[Jprocessed files:  0 / 2 [------] ETA: 0s
[1A[Jprocessed files:  0 / 2 [------] ETA: 0s
[1A[Jprocessed files:  0 / 2 [------] ETA: 0s
[1A[Jprocessed files:  0 / 2 [------] ETA: 0s
[1A[Jprocessed files:  0 / 2 [------] ETA: 0s
[1A[Jprocessed files:  0 / 2 [------] ETA: 0s
[1A[Jprocessed files:  0 / 2 [------] ETA: 0s
[1A[Jprocessed files:  0 / 2 [------] ETA: 0s
[1A[Jprocessed files:  0 / 2 [------] ETA: 0s
[1A[Jprocessed files:  0 / 2 [------] ETA: 0s
[1A[Jprocessed files:  0 / 2 [------] ETA: 0s
[1A[Jprocessed files:  0 / 2 [------] ETA: 0s
[1A[Jprocessed files:  0 / 2 [------] ETA: 0s
[1A[Jprocessed files:  0 / 2 [------] ETA: 0s
[1A[Jprocessed files:  0 / 2 [------] ETA: 0s
[1A[Jprocessed files:  0 / 2 [------] ETA: 0s
[1A[Jprocessed files:  0 / 2 [------] ETA: 0s
[1A[Jprocessed files:  0 / 2 [------] ETA: 0s
[1A[Jprocessed files:  0 / 2 [------] ETA: 0s
[1A[Jprocessed files:  0 / 2 [------] ETA: 0s
[1A[Jprocessed files:  0 / 2 [------] ETA: 0s
[1A[Jprocessed files:  0 / 2 [------] ETA: 0s
[1A[Jprocessed files:  0 / 2 [------] ETA: 0s
[1A[Jprocessed files:  0 / 2 [------] ETA: 0s
[1A[Jprocessed files:  0 / 2 [------] ETA: 0s
[1A[Jprocessed files:  0 / 2 [------] ETA: 0s
[1A[Jprocessed files:  0 / 2 [------] ETA: 0s
[1A[Jprocessed files:  0 / 2 [------] ETA: 0s
[1A[Jprocessed files:  0 / 2 [------] ETA: 0s
[1A[Jprocessed files:  0 / 2 [------] ETA: 0s
[1A[Jprocessed files:  0 / 2 [------] ETA: 0s
[1A[Jprocessed files:  0 / 2 [------] ETA: 0s
[1A[Jprocessed files:  0 / 2 [------] ETA: 0s
[1A[Jprocessed files:  0 / 2 [------] ETA: 0s
[1A[Jprocessed files:  0 / 2 [------] ETA: 0s
[1A[Jprocessed files:  0 / 2 [------] ETA: 0s
[1A[Jprocessed files:  0 / 2 [------] ETA: 0s
[1A[Jprocessed files:  0 / 2 [------] ETA: 0s
[1A[Jprocessed files:  0 / 2 [------] ETA: 0s
[1A[Jprocessed files:  0 / 2 [------] ETA: 0s
[1A[Jprocessed files:  0 / 2 [------] ETA: 0s
[1A[Jprocessed files:  0 / 2 [------] ETA: 0s
[1A[Jprocessed files:  0 / 2 [------] ETA: 0s
[1A[Jprocessed files:  0 / 2 [------] ETA: 0s
[1A[Jprocessed files:  0 / 2 [------] ETA: 0s
[1A[Jprocessed files:  0 / 2 [------] ETA: 0s
[1A[Jprocessed files:  0 / 2 [------] ETA: 0s
[1A[Jprocessed files:  0 / 2 [------] ETA: 0s
[1A[Jprocessed files:  0 / 2 [------] ETA: 0s
[1A[Jprocessed files:  0 / 2 [------] ETA: 0s
[1A[Jprocessed files:  0 / 2 [------] ETA: 0s
[1A[Jprocessed files:  0 / 2 [------] ETA: 0s
[1A[Jprocessed files:  0 / 2 [------] ETA: 0s
[1A[Jprocessed files:  0 / 2 [------] ETA: 0s
[1A[Jprocessed files:  0 / 2 [------] ETA: 0s
[1A[Jprocessed files:  0 / 2 [------] ETA: 0s
[1A[Jprocessed files:  0 / 2 [------] ETA: 0s
[1A[Jprocessed files:  0 / 2 [------] ETA: 0s
[1A[Jprocessed files:  0 / 2 [------] ETA: 0s
[1A[Jprocessed files:  0 / 2 [------] ETA: 0s
[1A[Jprocessed files:  0 / 2 [------] ETA: 0s
[1A[Jprocessed files:  0 / 2 [------] ETA: 0s
[1A[Jprocessed files:  0 / 2 [------] ETA: 0s
[1A[Jprocessed files:  0 / 2 [------] ETA: 0s
[1A[Jprocessed files:  0 / 2 [------] ETA: 0s
[1A[Jprocessed files:  0 / 2 [------] ETA: 0s
[1A[Jprocessed files:  0 / 2 [------] ETA: 0s
[1A[Jprocessed files:  0 / 2 [------] ETA: 0s
[1A[Jprocessed files:  0 / 2 [------] ETA: 0s
[1A[Jprocessed files:  0 / 2 [------] ETA: 0s
[1A[Jprocessed files:  0 / 2 [------] ETA: 0s
[1A[Jprocessed files:  0 / 2 [------] ETA: 0s
[1A[Jprocessed files:  0 / 2 [------] ETA: 0s
[1A[Jprocessed files:  0 / 2 [------] ETA: 0s
[1A[Jprocessed files:  0 / 2 [------] ETA: 0s
[1A[Jprocessed files:  0 / 2 [------] ETA: 0s
[1A[Jprocessed files:  0 / 2 [------] ETA: 0s
[1A[Jprocessed files:  0 / 2 [------] ETA: 0s
[1A[Jprocessed files:  0 / 2 [------] ETA: 0s
[1A[Jprocessed files:  0 / 2 [------] ETA: 0s
[1A[Jprocessed files:  0 / 2 [------] ETA: 0s
[1A[Jprocessed files:  0 / 2 [------] ETA: 0s
[1A[Jprocessed files:  0 / 2 [------] ETA: 0s
[1A[Jprocessed files:  0 / 2 [------] ETA: 0s
[1A[Jprocessed files:  0 / 2 [------] ETA: 0s
[1A[Jprocessed files:  0 / 2 [------] ETA: 0s
[1A[Jprocessed files:  0 / 2 [------] ETA: 0s
[1A[Jprocessed files:  0 / 2 [------] ETA: 0s
[1A[Jprocessed files:  0 / 2 [------] ETA: 0s
[1A[Jprocessed files:  0 / 2 [------] ETA: 0s
[1A[Jprocessed files:  0 / 2 [------] ETA: 0s
[1A[Jprocessed files:  0 / 2 [------] ETA: 0s
[1A[Jprocessed files:  0 / 2 [------] ETA: 0s
[1A[Jprocessed files:  0 / 2 [------] ETA: 0s
[1A[Jprocessed files:  0 / 2 [------] ETA: 0s
[1A[Jprocessed files:  0 / 2 [------] ETA: 0s
[1A[Jprocessed files:  0 / 2 [------] ETA: 0s
[1A[Jprocessed files:  0 / 2 [------] ETA: 0s
[1A[Jprocessed files:  0 / 2 [------] ETA: 0s
[1A[Jprocessed files:  0 / 2 [------] ETA: 0s
[1A[Jprocessed files:  0 / 2 [------] ETA: 0s
[1A[Jprocessed files:  0 / 2 [------] ETA: 0s
[1A[Jprocessed files:  0 / 2 [------] ETA: 0s
[1A[Jprocessed files:  0 / 2 [------] ETA: 0s
[1A[Jprocessed files:  0 / 2 [------] ETA: 0s
[1A[Jprocessed files:  0 / 2 [------] ETA: 0s
[1A[Jprocessed files:  0 / 2 [------] ETA: 0s
[1A[Jprocessed files:  0 / 2 [------] ETA: 0s
[1A[Jprocessed files:  0 / 2 [------] ETA: 0s
[1A[Jprocessed files:  0 / 2 [------] ETA: 0s
[1A[Jprocessed files:  0 / 2 [------] ETA: 0s
[1A[Jprocessed files:  0 / 2 [------] ETA: 0s
[1A[Jprocessed files:  0 / 2 [------] ETA: 0s
[1A[Jprocessed files:  0 / 2 [------] ETA: 0s
[1A[Jprocessed files:  0 / 2 [------] ETA: 0s
[1A[Jprocessed files:  0 / 2 [------] ETA: 0s
[1A[Jprocessed files:  0 / 2 [------] ETA: 0s
[1A[Jprocessed files:  0 / 2 [------] ETA: 0s
[1A[Jprocessed files:  0 / 2 [------] ETA: 0s
[1A[Jprocessed files:  0 / 2 [------] ETA: 0s
[1A[Jprocessed files:  0 / 2 [------] ETA: 0s
[1A[Jprocessed files:  0 / 2 [------] ETA: 0s
[1A[Jprocessed files:  0 / 2 [------] ETA: 0s
[1A[Jprocessed files:  0 / 2 [------] ETA: 0s
[1A[Jprocessed files:  0 / 2 [------] ETA: 0s
[1A[Jprocessed files:  0 / 2 [------] ETA: 0s
[1A[Jprocessed files:  0 / 2 [------] ETA: 0s
[1A[Jprocessed files:  0 / 2 [------] ETA: 0s
[1A[Jprocessed files:  0 / 2 [------] ETA: 0s
[1A[Jprocessed files:  0 / 2 [------] ETA: 0s
[1A[Jprocessed files:  0 / 2 [------] ETA: 0s
[1A[Jprocessed files:  0 / 2 [------] ETA: 0s
[1A[Jprocessed files:  0 / 2 [------] ETA: 0s
[1A[Jprocessed files:  0 / 2 [------] ETA: 0s
[1A[Jprocessed files:  0 / 2 [------] ETA: 0s
[1A[Jprocessed files:  0 / 2 [------] ETA: 0s
[1A[Jprocessed files:  0 / 2 [------] ETA: 0s
[1A[Jprocessed files:  0 / 2 [------] ETA: 0s
[1A[Jprocessed files:  0 / 2 [------] ETA: 0s
[1A[Jprocessed files:  0 / 2 [------] ETA: 0s
[1A[Jprocessed files:  0 / 2 [------] ETA: 0s
[1A[Jprocessed files:  0 / 2 [------] ETA: 0s
[1A[Jprocessed files:  0 / 2 [------] ETA: 0s
[1A[Jprocessed files:  0 / 2 [------] ETA: 0s
[1A[Jprocessed files:  0 / 2 [------] ETA: 0s
[1A[Jprocessed files:  0 / 2 [------] ETA: 0s
[1A[Jprocessed files:  0 / 2 [------] ETA: 0s
[1A[Jprocessed files:  0 / 2 [------] ETA: 0s
[1A[Jprocessed files:  0 / 2 [------] ETA: 0s
[1A[Jprocessed files:  0 / 2 [------] ETA: 0s
[1A[Jprocessed files:  0 / 2 [------] ETA: 0s
[1A[Jprocessed files:  0 / 2 [------] ETA: 0s
[1A[Jprocessed files:  0 / 2 [------] ETA: 0s
[1A[Jprocessed files:  0 / 2 [------] ETA: 0s
[1A[Jprocessed files:  0 / 2 [------] ETA: 0s
[1A[Jprocessed files:  0 / 2 [------] ETA: 0s
[1A[Jprocessed files:  0 / 2 [------] ETA: 0s
[1A[Jprocessed files:  0 / 2 [------] ETA: 0s
[1A[Jprocessed files:  0 / 2 [------] ETA: 0s
[1A[Jprocessed files:  0 / 2 [------] ETA: 0s
[1A[Jprocessed files:  0 / 2 [------] ETA: 0s
[1A[Jprocessed files:  0 / 2 [------] ETA: 0s
[1A[Jprocessed files:  0 / 2 [------] ETA: 0s
[1A[Jprocessed files:  0 / 2 [------] ETA: 0s
[1A[Jprocessed files:  0 / 2 [------] ETA: 0s
[1A[Jprocessed files:  0 / 2 [------] ETA: 0s
[1A[Jprocessed files:  0 / 2 [------] ETA: 0s
[1A[Jprocessed files:  0 / 2 [------] ETA: 0s
[1A[Jprocessed files:  0 / 2 [------] ETA: 0s
[1A[Jprocessed files:  0 / 2 [------] ETA: 0s
[1A[Jprocessed files:  0 / 2 [------] ETA: 0s
[1A[Jprocessed files:  0 / 2 [------] ETA: 0s
[1A[Jprocessed files:  0 / 2 [------] ETA: 0s
[1A[Jprocessed files:  0 / 2 [------] ETA: 0s
[1A[Jprocessed files:  0 / 2 [------] ETA: 0s
[1A[Jprocessed files:  0 / 2 [------] ETA: 0s
[1A[Jprocessed files:  0 / 2 [------] ETA: 0s
[1A[Jprocessed files:  0 / 2 [------] ETA: 0s
[1A[Jprocessed files:  0 / 2 [------] ETA: 0s
[1A[Jprocessed files:  0 / 2 [------] ETA: 0s
[1A[Jprocessed files:  0 / 2 [------] ETA: 0s
[1A[Jprocessed files:  0 / 2 [------] ETA: 0s
[1A[Jprocessed files:  0 / 2 [------] ETA: 0s
[1A[Jprocessed files:  1 / 2 [==>---] ETA: 0s
[1A[Jprocessed files:  1 / 2 [==>---] ETA: 0s
[1A[Jprocessed files:  1 / 2 [==>---] ETA: 0s
[1A[Jprocessed files:  1 / 2 [==>---] ETA: 0s
[1A[Jprocessed files:  1 / 2 [==>---] ETA: 0s
[1A[Jprocessed files:  1 / 2 [==>---] ETA: 0s
[1A[Jprocessed files:  1 / 2 [==>---] ETA: 0s
[1A[Jprocessed files:  1 / 2 [==>---] ETA: 0s
[1A[Jprocessed files:  1 / 2 [==>---] ETA: 0s
[1A[Jprocessed files:  1 / 2 [==>---] ETA: 0s
[1A[Jprocessed files:  1 / 2 [==>---] ETA: 0s
[1A[Jprocessed files:  1 / 2 [==>---] ETA: 0s
[1A[Jprocessed files:  1 / 2 [==>---] ETA: 0s
[1A[Jprocessed files:  2 / 2 [======] ETA: 0s
[1A[Jprocessed files:  2 / 2 [] ETA: 0s. done
