[2026-07-17 15:07:30] INFO: Starting Flye 2.9.5-b1801
[2026-07-17 15:07:30] INFO: >>>STAGE: configure
[2026-07-17 15:07:30] INFO: Configuring run
[2026-07-17 15:07:50] INFO: Total read length: 1340550830
[2026-07-17 15:07:50] INFO: Reads N50/N90: 10544 / 2629
[2026-07-17 15:07:50] INFO: Minimum overlap set to 3000
[2026-07-17 15:07:50] INFO: >>>STAGE: assembly
[2026-07-17 15:07:50] INFO: Assembling disjointigs
[2026-07-17 15:07:50] INFO: Reading sequences
[2026-07-17 15:08:08] INFO: Building minimizer index
[2026-07-17 15:08:08] INFO: Pre-calculating index storage
0% 10% 20% 30% 40% 50% 60% 70% 80% 90% 100% 
[2026-07-17 15:08:16] INFO: Filling index
0% 10% 20% 30% 40% 50% 60% 70% 80% 90% 100% 
[2026-07-17 15:08:24] INFO: Extending reads
[2026-07-17 15:09:25] INFO: Overlap-based coverage: 43
[2026-07-17 15:09:25] INFO: Median overlap divergence: 0.0390595
0% 20% 40% 70% 80% 90% 100% 
[2026-07-17 15:10:52] INFO: Assembled 1695 disjointigs
[2026-07-17 15:10:53] INFO: Generating sequence
0% 10% 20% 30% 40% 50% 60% 70% 80% 90% 100% 
[2026-07-17 15:10:56] INFO: Filtering contained disjointigs
0% 10% 20% 30% 40% 50% 60% 70% 80% 90% 100% 
[2026-07-17 15:10:59] INFO: Contained seqs: 51
[2026-07-17 15:11:01] INFO: >>>STAGE: consensus
[2026-07-17 15:11:01] INFO: Running Minimap2
[2026-07-17 15:12:31] INFO: Computing consensus
[2026-07-17 15:13:33] INFO: Alignment error rate: 0.052063
[2026-07-17 15:13:34] INFO: >>>STAGE: repeat
[2026-07-17 15:13:34] INFO: Building and resolving repeat graph
[2026-07-17 15:13:34] INFO: Parsing disjointigs
[2026-07-17 15:13:35] INFO: Building repeat graph
0% 10% 20% 30% 40% 50% 60% 70% 80% 90% 100% 
[2026-07-17 15:13:59] INFO: Median overlap divergence: 0.0551695
[2026-07-17 15:14:00] INFO: Parsing reads
[2026-07-17 15:14:17] INFO: Aligning reads to the graph
0% 10% 20% 30% 40% 50% 60% 70% 80% 90% 100% 
[2026-07-17 15:14:37] INFO: Aligned read sequence: 1065853574 / 1177000184 (0.905568)
[2026-07-17 15:14:37] INFO: Median overlap divergence: 0.0188679
[2026-07-17 15:14:37] INFO: Mean edge coverage: 21
[2026-07-17 15:14:37] INFO: Simplifying the graph
[2026-07-17 15:14:45] INFO: >>>STAGE: contigger
[2026-07-17 15:14:45] INFO: Generating contigs
[2026-07-17 15:14:45] INFO: Reading sequences
[2026-07-17 15:15:04] INFO: Generated 939 contigs
[2026-07-17 15:15:04] INFO: Added 2 scaffold connections
[2026-07-17 15:15:06] INFO: >>>STAGE: polishing
[2026-07-17 15:15:06] INFO: Polishing genome (1/1)
[2026-07-17 15:15:06] INFO: Running minimap2
[2026-07-17 15:16:14] INFO: Separating alignment into bubbles
[2026-07-17 15:17:40] INFO: Alignment error rate: 0.046465
[2026-07-17 15:17:40] INFO: Correcting bubbles
0% 10% 20% 30% 40% 50% 60% 70% 80% 90% 100% 
[2026-07-17 15:22:44] INFO: >>>STAGE: finalize
[2026-07-17 15:22:45] INFO: Assembly statistics:

	Total length:	32018646
	Fragments:	809
	Fragments N50:	137169
	Largest frg:	3559903
	Scaffolds:	0
	Mean coverage:	39

[2026-07-17 15:22:45] INFO: Final assembly: /nas/users/bing/Projects/nanopore_longread_metagenome_pipeline_v1.0/Result/assembly/SRR29980969/assembly.fasta
